#! /usr/bin/vvp
:ivl_version "12.0 (stable)";
:ivl_delay_selection "TYPICAL";
:vpi_time_precision + 0;
:vpi_module "/usr/lib64/ivl/system.vpi";
:vpi_module "/usr/lib64/ivl/vhdl_sys.vpi";
:vpi_module "/usr/lib64/ivl/vhdl_textio.vpi";
:vpi_module "/usr/lib64/ivl/v2005_math.vpi";
:vpi_module "/usr/lib64/ivl/va_math.vpi";
:vpi_module "/usr/lib64/ivl/v2009.vpi";
S_0x7f1a101767f0 .scope package, "$unit" "$unit" 2 1;
 .timescale 0 0;
S_0x7f1a10176980 .scope module, "testbench" "testbench" 3 1;
 .timescale 0 0;
v0x7f1a0fdb4b50_0 .net "DataAdr", 31 0, L_0x7f1a0fd55dd0;  1 drivers
v0x7f1a0fdb4bf0_0 .net "MemWrite", 0 0, L_0x7f1a0fdb2c90;  1 drivers
v0x7f1a0fdb4c90_0 .net "WriteData", 31 0, L_0x7f1a0fd55e70;  1 drivers
v0x7f1a0fdb4d30_0 .var "clk", 0 0;
v0x7f1a0fdb4dd0_0 .var "reset", 0 0;
S_0x7f1a10176b10 .scope module, "dut" "top" 3 9, 4 1 0, S_0x7f1a10176980;
 .timescale 0 0;
    .port_info 0 /INPUT 1 "clk";
    .port_info 1 /INPUT 1 "reset";
    .port_info 2 /OUTPUT 32 "WriteData_m";
    .port_info 3 /OUTPUT 32 "DataAdr_m";
    .port_info 4 /OUTPUT 1 "MemWrite_m";
v0x7f1a0fdb4650_0 .net "DataAdr_m", 31 0, L_0x7f1a0fd55dd0;  alias, 1 drivers
v0x7f1a0fdb46f0_0 .net "Instr_f", 31 0, L_0x7f1a1017da20;  1 drivers
v0x7f1a0fdb4790_0 .net "MemWrite_m", 0 0, L_0x7f1a0fdb2c90;  alias, 1 drivers
v0x7f1a0fdb4830_0 .net "PC_f", 31 0, v0x7f1a101dbd30_0;  1 drivers
v0x7f1a0fdb48d0_0 .net "ReadData_m", 31 0, L_0x7f1a1017da90;  1 drivers
v0x7f1a0fdb4970_0 .net "WriteData_m", 31 0, L_0x7f1a0fd55e70;  alias, 1 drivers
v0x7f1a0fdb4a10_0 .net "clk", 0 0, v0x7f1a0fdb4d30_0;  1 drivers
v0x7f1a0fdb4ab0_0 .net "reset", 0 0, v0x7f1a0fdb4dd0_0;  1 drivers
S_0x7f1a10176ca0 .scope module, "dmem" "dmem" 4 12, 5 13 0, S_0x7f1a10176b10;
 .timescale 0 0;
    .port_info 0 /INPUT 1 "clk";
    .port_info 1 /INPUT 1 "we";
    .port_info 2 /INPUT 32 "a";
    .port_info 3 /INPUT 32 "wd";
    .port_info 4 /OUTPUT 32 "rd";
L_0x7f1a1017da90 .functor BUFZ 32, L_0x7f1a0fd54c90, C4<00000000000000000000000000000000>, C4<00000000000000000000000000000000>, C4<00000000000000000000000000000000>;
v0x7f1a101740b0 .array "RAM", 0 63, 31 0;
v0x7f1a10174150_0 .net *"_ivl_0", 31 0, L_0x7f1a0fd54c90;  1 drivers
v0x7f1a101741f0_0 .net *"_ivl_3", 29 0, L_0x7f1a0fd54d30;  1 drivers
v0x7f1a10174290_0 .net "a", 31 0, L_0x7f1a0fd55dd0;  alias, 1 drivers
v0x7f1a10174330_0 .net "clk", 0 0, v0x7f1a0fdb4d30_0;  alias, 1 drivers
v0x7f1a101743d0_0 .net "rd", 31 0, L_0x7f1a1017da90;  alias, 1 drivers
v0x7f1a10174470_0 .net "wd", 31 0, L_0x7f1a0fd55e70;  alias, 1 drivers
v0x7f1a10174510_0 .net "we", 0 0, L_0x7f1a0fdb2c90;  alias, 1 drivers
E_0x7f1a101e2d90 .event posedge, v0x7f1a10174330_0;
L_0x7f1a0fd54c90 .array/port v0x7f1a101740b0, L_0x7f1a0fd54d30;
L_0x7f1a0fd54d30 .part L_0x7f1a0fd55dd0, 2, 30;
S_0x7f1a10176e30 .scope module, "imem" "imem" 4 11, 5 1 0, S_0x7f1a10176b10;
 .timescale 0 0;
    .port_info 0 /INPUT 32 "a";
    .port_info 1 /OUTPUT 32 "rd";
L_0x7f1a1017da20 .functor BUFZ 32, L_0x7f1a0fd54b50, C4<00000000000000000000000000000000>, C4<00000000000000000000000000000000>, C4<00000000000000000000000000000000>;
v0x7f1a101745b0 .array "RAM", 0 63, 31 0;
v0x7f1a10174650_0 .net *"_ivl_0", 31 0, L_0x7f1a0fd54b50;  1 drivers
v0x7f1a101746f0_0 .net *"_ivl_3", 29 0, L_0x7f1a0fd54bf0;  1 drivers
v0x7f1a10174790_0 .net "a", 31 0, v0x7f1a101dbd30_0;  alias, 1 drivers
v0x7f1a10174830_0 .net "rd", 31 0, L_0x7f1a1017da20;  alias, 1 drivers
L_0x7f1a0fd54b50 .array/port v0x7f1a101745b0, L_0x7f1a0fd54bf0;
L_0x7f1a0fd54bf0 .part v0x7f1a101dbd30_0, 2, 30;
S_0x7f1a10176fe0 .scope module, "riscv" "riscv" 4 9, 4 16 0, S_0x7f1a10176b10;
 .timescale 0 0;
    .port_info 0 /INPUT 1 "clk";
    .port_info 1 /INPUT 1 "reset";
    .port_info 2 /OUTPUT 32 "PC_f";
    .port_info 3 /INPUT 32 "Instr_f";
    .port_info 4 /OUTPUT 1 "MemWrite_m";
    .port_info 5 /OUTPUT 32 "ALUResult_m";
    .port_info 6 /OUTPUT 32 "WriteData_m";
    .port_info 7 /INPUT 32 "ReadData_m";
v0x7f1a0fdb5010_0 .net "ALUControl_e", 3 0, L_0x7f1a0fdb28d0;  1 drivers
v0x7f1a0fdb50b0_0 .net "ALUResult_m", 31 0, L_0x7f1a0fd55dd0;  alias, 1 drivers
v0x7f1a0fdb5150_0 .net "ALUSrc_e", 0 0, L_0x7f1a0fdb2970;  1 drivers
v0x7f1a0fdb51f0_0 .net "ImmSrc_d", 1 0, L_0x7f1a0fdb2010;  1 drivers
v0x7f1a0fdb5290_0 .net "Instr_f", 31 0, L_0x7f1a1017da20;  alias, 1 drivers
v0x7f1a0fdb5330_0 .net "MemWrite_m", 0 0, L_0x7f1a0fdb2c90;  alias, 1 drivers
v0x7f1a0fdb53d0_0 .net "PCSrc_e", 0 0, L_0x7f1a101a7ce0;  1 drivers
v0x7f1a0fdb5470_0 .net "PC_f", 31 0, v0x7f1a101dbd30_0;  alias, 1 drivers
v0x7f1a0fdb5510_0 .net "ReadData_m", 31 0, L_0x7f1a1017da90;  alias, 1 drivers
v0x7f1a0fdb55b0_0 .net "RegWrite_m", 0 0, L_0x7f1a0fdb2b50;  1 drivers
v0x7f1a0fdb5650_0 .net "RegWrite_w", 0 0, L_0x7f1a0fdb2dd0;  1 drivers
v0x7f1a0fdb56f0_0 .net "ResultSrc_w", 1 0, L_0x7f1a0fdb2e70;  1 drivers
v0x7f1a0fdb5790_0 .net "ResultSrcb0_e", 0 0, L_0x7f1a0fdb2a10;  1 drivers
v0x7f1a0fdb5830_0 .net "WriteData_m", 31 0, L_0x7f1a0fd55e70;  alias, 1 drivers
v0x7f1a0fdb58d0_0 .net "Zero_e", 0 0, L_0x7f1a0fd55bf0;  1 drivers
v0x7f1a0fdb5970_0 .net "clk", 0 0, v0x7f1a0fdb4d30_0;  alias, 1 drivers
v0x7f1a0fdb5a10_0 .net "f3_d", 2 0, L_0x7f1a0fdb1470;  1 drivers
v0x7f1a0fdb5ab0_0 .net "f3_e", 2 0, L_0x7f1a0fd565b0;  1 drivers
v0x7f1a0fdb5b50_0 .net "f7_d", 6 0, L_0x7f1a0fdb1510;  1 drivers
v0x7f1a0fdb5bf0_0 .net "flush_d", 0 0, L_0x7f1a1017d940;  1 drivers
v0x7f1a0fdb5c90_0 .net "flush_e", 0 0, L_0x7f1a1017d9b0;  1 drivers
v0x7f1a0fdb5d30_0 .net "forward_ae", 1 0, v0x7f1a0fdb6790_0;  1 drivers
v0x7f1a0fdb5dd0_0 .net "forward_be", 1 0, v0x7f1a0fdb6830_0;  1 drivers
v0x7f1a0fdb5e70_0 .net "op_d", 6 0, L_0x7f1a0fdb13d0;  1 drivers
v0x7f1a0fdb4010_0 .net "rd_e", 4 0, L_0x7f1a0fd56330;  1 drivers
v0x7f1a0fdb40b0_0 .net "rd_m", 4 0, L_0x7f1a0fd55790;  1 drivers
v0x7f1a0fdb4150_0 .net "rd_w", 4 0, L_0x7f1a0fd54330;  1 drivers
v0x7f1a0fdb41f0_0 .net "reset", 0 0, v0x7f1a0fdb4dd0_0;  alias, 1 drivers
v0x7f1a0fdb4290_0 .net "rs1_d", 4 0, L_0x7f1a0fdb15b0;  1 drivers
v0x7f1a0fdb4330_0 .net "rs1_e", 4 0, L_0x7f1a0fd561f0;  1 drivers
v0x7f1a0fdb43d0_0 .net "rs2_d", 4 0, L_0x7f1a0fdb1650;  1 drivers
v0x7f1a0fdb4470_0 .net "rs2_e", 4 0, L_0x7f1a0fd56290;  1 drivers
v0x7f1a0fdb4510_0 .net "stall_d", 0 0, L_0x7f1a1017d860;  1 drivers
v0x7f1a0fdb45b0_0 .net "stall_f", 0 0, L_0x7f1a1017d8d0;  1 drivers
S_0x7f1a10177170 .scope module, "c" "controller" 4 38, 4 54 0, S_0x7f1a10176fe0;
 .timescale 0 0;
    .port_info 0 /INPUT 1 "clk";
    .port_info 1 /INPUT 1 "reset";
    .port_info 2 /INPUT 7 "op_d";
    .port_info 3 /INPUT 3 "f3_d";
    .port_info 4 /INPUT 7 "f7_d";
    .port_info 5 /OUTPUT 2 "ImmSrc_d";
    .port_info 6 /INPUT 1 "flush_e";
    .port_info 7 /INPUT 1 "Zero_e";
    .port_info 8 /OUTPUT 1 "PCSrc_e";
    .port_info 9 /OUTPUT 4 "ALUControl_e";
    .port_info 10 /OUTPUT 1 "ALUSrc_e";
    .port_info 11 /OUTPUT 1 "ResultSrcb0_e";
    .port_info 12 /OUTPUT 1 "MemWrite_m";
    .port_info 13 /OUTPUT 1 "RegWrite_m";
    .port_info 14 /OUTPUT 1 "RegWrite_w";
    .port_info 15 /OUTPUT 2 "ResultSrc_w";
L_0x7f1a101a7c70 .functor AND 1, L_0x7f1a0fdb2830, L_0x7f1a0fd55bf0, C4<1>, C4<1>;
L_0x7f1a101a7ce0 .functor OR 1, L_0x7f1a101a7c70, L_0x7f1a0fdb2790, C4<0>, C4<0>;
v0x7f1a1024e1f0_0 .net "ALUControl_d", 3 0, v0x7f1a101748d0_0;  1 drivers
v0x7f1a1024e290_0 .net "ALUControl_e", 3 0, L_0x7f1a0fdb28d0;  alias, 1 drivers
v0x7f1a1024e330_0 .net "ALUOp_d", 1 0, L_0x7f1a0fdb2330;  1 drivers
v0x7f1a1024e3d0_0 .net "ALUSrc_d", 0 0, L_0x7f1a0fdb20b0;  1 drivers
v0x7f1a1024e470_0 .net "ALUSrc_e", 0 0, L_0x7f1a0fdb2970;  alias, 1 drivers
v0x7f1a1024e510_0 .net "Branch_d", 0 0, L_0x7f1a0fdb2290;  1 drivers
v0x7f1a1024e5b0_0 .net "Branch_e", 0 0, L_0x7f1a0fdb2830;  1 drivers
v0x7f1a1024e650_0 .net "ImmSrc_d", 1 0, L_0x7f1a0fdb2010;  alias, 1 drivers
v0x7f1a1024e6f0_0 .net "Jump_d", 0 0, L_0x7f1a0fdb23d0;  1 drivers
v0x7f1a1024e790_0 .net "Jump_e", 0 0, L_0x7f1a0fdb2790;  1 drivers
v0x7f1a1024e830_0 .net "MemWrite_d", 0 0, L_0x7f1a0fdb2150;  1 drivers
v0x7f1a1024e8d0_0 .net "MemWrite_e", 0 0, L_0x7f1a0fdb26f0;  1 drivers
v0x7f1a1024e970_0 .net "MemWrite_m", 0 0, L_0x7f1a0fdb2c90;  alias, 1 drivers
v0x7f1a1024ea10_0 .net "PCSrc_e", 0 0, L_0x7f1a101a7ce0;  alias, 1 drivers
v0x7f1a1024eab0_0 .net "RegWrite_d", 0 0, L_0x7f1a0fdb4e70;  1 drivers
v0x7f1a1024eb50_0 .net "RegWrite_e", 0 0, L_0x7f1a0fdb25b0;  1 drivers
v0x7f1a1024ebf0_0 .net "RegWrite_m", 0 0, L_0x7f1a0fdb2b50;  alias, 1 drivers
v0x7f1a1024ec90_0 .net "RegWrite_w", 0 0, L_0x7f1a0fdb2dd0;  alias, 1 drivers
v0x7f1a1024ed30_0 .net "ResultSrc_d", 1 0, L_0x7f1a0fdb21f0;  1 drivers
v0x7f1a1024edd0_0 .net "ResultSrc_e", 1 0, L_0x7f1a0fdb2650;  1 drivers
v0x7f1a1024ee70_0 .net "ResultSrc_m", 1 0, L_0x7f1a0fdb2bf0;  1 drivers
v0x7f1a10237010_0 .net "ResultSrc_w", 1 0, L_0x7f1a0fdb2e70;  alias, 1 drivers
v0x7f1a102370b0_0 .net "ResultSrcb0_e", 0 0, L_0x7f1a0fdb2a10;  alias, 1 drivers
v0x7f1a10237150_0 .net "Zero_e", 0 0, L_0x7f1a0fd55bf0;  alias, 1 drivers
v0x7f1a102371f0_0 .net *"_ivl_12", 0 0, L_0x7f1a101a7c70;  1 drivers
v0x7f1a10237290_0 .net "clk", 0 0, v0x7f1a0fdb4d30_0;  alias, 1 drivers
v0x7f1a10237330_0 .net "f3_d", 2 0, L_0x7f1a0fdb1470;  alias, 1 drivers
v0x7f1a102373d0_0 .net "f7_d", 6 0, L_0x7f1a0fdb1510;  alias, 1 drivers
v0x7f1a10237470_0 .net "flush_e", 0 0, L_0x7f1a1017d9b0;  alias, 1 drivers
v0x7f1a10237510_0 .net "op_d", 6 0, L_0x7f1a0fdb13d0;  alias, 1 drivers
v0x7f1a102375b0_0 .net "reset", 0 0, v0x7f1a0fdb4dd0_0;  alias, 1 drivers
L_0x7f1a0fdb2470 .part L_0x7f1a0fdb13d0, 5, 1;
LS_0x7f1a0fdb2510_0_0 .concat [ 1 4 1 1], L_0x7f1a0fdb20b0, v0x7f1a101748d0_0, L_0x7f1a0fdb2290, L_0x7f1a0fdb23d0;
LS_0x7f1a0fdb2510_0_4 .concat [ 1 2 1 0], L_0x7f1a0fdb2150, L_0x7f1a0fdb21f0, L_0x7f1a0fdb4e70;
L_0x7f1a0fdb2510 .concat [ 7 4 0 0], LS_0x7f1a0fdb2510_0_0, LS_0x7f1a0fdb2510_0_4;
L_0x7f1a0fdb25b0 .part v0x7f1a10174dd0_0, 10, 1;
L_0x7f1a0fdb2650 .part v0x7f1a10174dd0_0, 8, 2;
L_0x7f1a0fdb26f0 .part v0x7f1a10174dd0_0, 7, 1;
L_0x7f1a0fdb2790 .part v0x7f1a10174dd0_0, 6, 1;
L_0x7f1a0fdb2830 .part v0x7f1a10174dd0_0, 5, 1;
L_0x7f1a0fdb28d0 .part v0x7f1a10174dd0_0, 1, 4;
L_0x7f1a0fdb2970 .part v0x7f1a10174dd0_0, 0, 1;
L_0x7f1a0fdb2a10 .part L_0x7f1a0fdb2650, 0, 1;
L_0x7f1a0fdb2ab0 .concat [ 1 2 1 0], L_0x7f1a0fdb26f0, L_0x7f1a0fdb2650, L_0x7f1a0fdb25b0;
L_0x7f1a0fdb2b50 .part v0x7f1a101b51e0_0, 3, 1;
L_0x7f1a0fdb2bf0 .part v0x7f1a101b51e0_0, 1, 2;
L_0x7f1a0fdb2c90 .part v0x7f1a101b51e0_0, 0, 1;
L_0x7f1a0fdb2d30 .concat [ 2 1 0 0], L_0x7f1a0fdb2bf0, L_0x7f1a0fdb2b50;
L_0x7f1a0fdb2dd0 .part v0x7f1a101d1000_0, 2, 1;
L_0x7f1a0fdb2e70 .part v0x7f1a101d1000_0, 0, 2;
S_0x7f1a10177490 .scope module, "ad" "aludec" 4 80, 6 29 0, S_0x7f1a10177170;
 .timescale 0 0;
    .port_info 0 /INPUT 1 "opb5";
    .port_info 1 /INPUT 3 "funct3";
    .port_info 2 /INPUT 7 "funct7";
    .port_info 3 /INPUT 2 "ALUOp";
    .port_info 4 /OUTPUT 4 "ALUControl";
v0x7f1a101748d0_0 .var "ALUControl", 3 0;
v0x7f1a10174970_0 .net "ALUOp", 1 0, L_0x7f1a0fdb2330;  alias, 1 drivers
v0x7f1a10174a10_0 .net "funct3", 2 0, L_0x7f1a0fdb1470;  alias, 1 drivers
v0x7f1a10174ab0_0 .net "funct7", 6 0, L_0x7f1a0fdb1510;  alias, 1 drivers
v0x7f1a10174b50_0 .net "opb5", 0 0, L_0x7f1a0fdb2470;  1 drivers
E_0x7f1a101ed020 .event anyedge, v0x7f1a10174970_0, v0x7f1a10174a10_0, v0x7f1a10174ab0_0, v0x7f1a10174b50_0;
S_0x7f1a10177620 .scope module, "controlreg_e" "floprc" 4 82, 6 238 0, S_0x7f1a10177170;
 .timescale 0 0;
    .port_info 0 /INPUT 1 "clk";
    .port_info 1 /INPUT 1 "reset";
    .port_info 2 /INPUT 1 "clear";
    .port_info 3 /INPUT 11 "d";
    .port_info 4 /OUTPUT 11 "q";
P_0x7f1a101d8730 .param/l "WIDTH" 0 6 238, +C4<00000000000000000000000000001011>;
v0x7f1a10174bf0_0 .net "clear", 0 0, L_0x7f1a1017d9b0;  alias, 1 drivers
v0x7f1a10174c90_0 .net "clk", 0 0, v0x7f1a0fdb4d30_0;  alias, 1 drivers
v0x7f1a10174d30_0 .net "d", 10 0, L_0x7f1a0fdb2510;  1 drivers
v0x7f1a10174dd0_0 .var "q", 10 0;
v0x7f1a10174e70_0 .net "reset", 0 0, v0x7f1a0fdb4dd0_0;  alias, 1 drivers
E_0x7f1a101ed120 .event posedge, v0x7f1a10174e70_0, v0x7f1a10174330_0;
S_0x7f1a10177fc0 .scope module, "controlreg_m" "flopr" 4 89, 6 218 0, S_0x7f1a10177170;
 .timescale 0 0;
    .port_info 0 /INPUT 1 "clk";
    .port_info 1 /INPUT 1 "reset";
    .port_info 2 /INPUT 4 "d";
    .port_info 3 /OUTPUT 4 "q";
P_0x7f1a10177870 .param/l "WIDTH" 0 6 218, +C4<00000000000000000000000000000100>;
v0x7f1a1023f4a0_0 .net "clk", 0 0, v0x7f1a0fdb4d30_0;  alias, 1 drivers
v0x7f1a1023f540_0 .net "d", 3 0, L_0x7f1a0fdb2ab0;  1 drivers
v0x7f1a101b51e0_0 .var "q", 3 0;
v0x7f1a101b5280_0 .net "reset", 0 0, v0x7f1a0fdb4dd0_0;  alias, 1 drivers
S_0x7f1a10178150 .scope module, "controlreg_w" "flopr" 4 92, 6 218 0, S_0x7f1a10177170;
 .timescale 0 0;
    .port_info 0 /INPUT 1 "clk";
    .port_info 1 /INPUT 1 "reset";
    .port_info 2 /INPUT 3 "d";
    .port_info 3 /OUTPUT 3 "q";
P_0x7f1a101779b0 .param/l "WIDTH" 0 6 218, +C4<00000000000000000000000000000011>;
v0x7f1a101b5d10_0 .net "clk", 0 0, v0x7f1a0fdb4d30_0;  alias, 1 drivers
v0x7f1a101b5db0_0 .net "d", 2 0, L_0x7f1a0fdb2d30;  1 drivers
v0x7f1a101d1000_0 .var "q", 2 0;
v0x7f1a101d10a0_0 .net "reset", 0 0, v0x7f1a0fdb4dd0_0;  alias, 1 drivers
S_0x7f1a101782e0 .scope module, "md" "maindec" 4 78, 6 1 0, S_0x7f1a10177170;
 .timescale 0 0;
    .port_info 0 /INPUT 7 "op";
    .port_info 1 /OUTPUT 2 "ResultSrc";
    .port_info 2 /OUTPUT 1 "MemWrite";
    .port_info 3 /OUTPUT 1 "Branch";
    .port_info 4 /OUTPUT 1 "ALUSrc";
    .port_info 5 /OUTPUT 1 "RegWrite";
    .port_info 6 /OUTPUT 1 "Jump";
    .port_info 7 /OUTPUT 2 "ImmSrc";
    .port_info 8 /OUTPUT 2 "ALUOp";
v0x7f1a101d1280_0 .net "ALUOp", 1 0, L_0x7f1a0fdb2330;  alias, 1 drivers
v0x7f1a101d1320_0 .net "ALUSrc", 0 0, L_0x7f1a0fdb20b0;  alias, 1 drivers
v0x7f1a101d4c90_0 .net "Branch", 0 0, L_0x7f1a0fdb2290;  alias, 1 drivers
v0x7f1a101d4d30_0 .net "ImmSrc", 1 0, L_0x7f1a0fdb2010;  alias, 1 drivers
v0x7f1a1018ba10_0 .net "Jump", 0 0, L_0x7f1a0fdb23d0;  alias, 1 drivers
v0x7f1a1018bab0_0 .net "MemWrite", 0 0, L_0x7f1a0fdb2150;  alias, 1 drivers
v0x7f1a1018be70_0 .net "RegWrite", 0 0, L_0x7f1a0fdb4e70;  alias, 1 drivers
v0x7f1a10188010_0 .net "ResultSrc", 1 0, L_0x7f1a0fdb21f0;  alias, 1 drivers
v0x7f1a1024e010_0 .net *"_ivl_10", 10 0, v0x7f1a1024e0b0_0;  1 drivers
v0x7f1a1024e0b0_0 .var "controls", 10 0;
v0x7f1a1024e150_0 .net "op", 6 0, L_0x7f1a0fdb13d0;  alias, 1 drivers
E_0x7f1a101ed160 .event anyedge, v0x7f1a1024e150_0;
L_0x7f1a0fdb4e70 .part v0x7f1a1024e0b0_0, 10, 1;
L_0x7f1a0fdb2010 .part v0x7f1a1024e0b0_0, 8, 2;
L_0x7f1a0fdb20b0 .part v0x7f1a1024e0b0_0, 7, 1;
L_0x7f1a0fdb2150 .part v0x7f1a1024e0b0_0, 6, 1;
L_0x7f1a0fdb21f0 .part v0x7f1a1024e0b0_0, 4, 2;
L_0x7f1a0fdb2290 .part v0x7f1a1024e0b0_0, 3, 1;
L_0x7f1a0fdb2330 .part v0x7f1a1024e0b0_0, 1, 2;
L_0x7f1a0fdb23d0 .part v0x7f1a1024e0b0_0, 0, 1;
S_0x7f1a10178470 .scope module, "dp" "datapath" 4 41, 4 99 0, S_0x7f1a10176fe0;
 .timescale 0 0;
    .port_info 0 /INPUT 1 "clk";
    .port_info 1 /INPUT 1 "reset";
    .port_info 2 /INPUT 1 "stall_f";
    .port_info 3 /OUTPUT 32 "PC_f";
    .port_info 4 /INPUT 32 "Instr_f";
    .port_info 5 /OUTPUT 7 "op_d";
    .port_info 6 /OUTPUT 3 "f3_d";
    .port_info 7 /OUTPUT 7 "f7_d";
    .port_info 8 /INPUT 1 "stall_d";
    .port_info 9 /INPUT 1 "flush_d";
    .port_info 10 /INPUT 2 "ImmSrc_d";
    .port_info 11 /INPUT 1 "flush_e";
    .port_info 12 /INPUT 2 "forward_ae";
    .port_info 13 /INPUT 2 "forward_be";
    .port_info 14 /INPUT 1 "PCSrc_e";
    .port_info 15 /INPUT 4 "ALUControl_e";
    .port_info 16 /INPUT 1 "ALUSrc_e";
    .port_info 17 /OUTPUT 1 "Zero_e";
    .port_info 18 /OUTPUT 3 "f3_e";
    .port_info 19 /INPUT 1 "MemWrite_m";
    .port_info 20 /OUTPUT 32 "WriteData_m";
    .port_info 21 /OUTPUT 32 "ALUResult_m";
    .port_info 22 /INPUT 32 "ReadData_m";
    .port_info 23 /INPUT 1 "RegWrite_w";
    .port_info 24 /INPUT 2 "ResultSrc_w";
    .port_info 25 /OUTPUT 5 "rs1_d";
    .port_info 26 /OUTPUT 5 "rs2_d";
    .port_info 27 /OUTPUT 5 "rs1_e";
    .port_info 28 /OUTPUT 5 "rs2_e";
    .port_info 29 /OUTPUT 5 "rd_e";
    .port_info 30 /OUTPUT 5 "rd_m";
    .port_info 31 /OUTPUT 5 "rd_w";
L_0x7f1a101a7dc0 .functor NOT 1, L_0x7f1a1017d8d0, C4<0>, C4<0>, C4<0>;
L_0x7f1a101e0e90 .functor NOT 1, L_0x7f1a1017d860, C4<0>, C4<0>, C4<0>;
v0x7f1a10135790_0 .net "ALUControl_e", 3 0, L_0x7f1a0fdb28d0;  alias, 1 drivers
v0x7f1a10135830_0 .net "ALUResult_e", 31 0, v0x7f1a101f3510_0;  1 drivers
v0x7f1a101358d0_0 .net "ALUResult_m", 31 0, L_0x7f1a0fd55dd0;  alias, 1 drivers
v0x7f1a10135970_0 .net "ALUResult_w", 31 0, L_0x7f1a0fd541f0;  1 drivers
v0x7f1a10135a10_0 .net "ALUSrc_e", 0 0, L_0x7f1a0fdb2970;  alias, 1 drivers
v0x7f1a10135ab0_0 .net "ImmExt_d", 31 0, v0x7f1a101f3a10_0;  1 drivers
v0x7f1a10135b50_0 .net "ImmExt_e", 31 0, L_0x7f1a0fd56470;  1 drivers
v0x7f1a10135bf0_0 .net "ImmSrc_d", 1 0, L_0x7f1a0fdb2010;  alias, 1 drivers
v0x7f1a10135c90_0 .net "Instr_d", 31 0, L_0x7f1a0fdb11f0;  1 drivers
v0x7f1a10135d30_0 .net "Instr_f", 31 0, L_0x7f1a1017da20;  alias, 1 drivers
v0x7f1a10135dd0_0 .net "MemWrite_m", 0 0, L_0x7f1a0fdb2c90;  alias, 1 drivers
v0x7f1a10135e70_0 .net "PCNext_f", 31 0, L_0x7f1a0fdb1010;  1 drivers
v0x7f1a10133010_0 .net "PCPlus4_d", 31 0, L_0x7f1a0fdb1330;  1 drivers
v0x7f1a101330b0_0 .net "PCPlus4_e", 31 0, L_0x7f1a0fd56510;  1 drivers
v0x7f1a10133150_0 .net "PCPlus4_f", 31 0, L_0x7f1a0fdb10b0;  1 drivers
v0x7f1a101331f0_0 .net "PCPlus4_m", 31 0, L_0x7f1a0fd540b0;  1 drivers
v0x7f1a10133290_0 .net "PCPlus4_w", 31 0, L_0x7f1a0fd54470;  1 drivers
v0x7f1a10133330_0 .net "PCSrc_e", 0 0, L_0x7f1a101a7ce0;  alias, 1 drivers
v0x7f1a101333d0_0 .net "PCTarget_e", 31 0, L_0x7f1a0fd55c90;  1 drivers
v0x7f1a10133470_0 .net "PCTarget_m", 31 0, L_0x7f1a0fd54010;  1 drivers
v0x7f1a10133510_0 .net "PCTarget_w", 31 0, L_0x7f1a0fd543d0;  1 drivers
v0x7f1a101335b0_0 .net "PC_d", 31 0, L_0x7f1a0fdb1290;  1 drivers
v0x7f1a10133650_0 .net "PC_e", 31 0, L_0x7f1a0fd56150;  1 drivers
v0x7f1a101336f0_0 .net "PC_f", 31 0, v0x7f1a101dbd30_0;  alias, 1 drivers
v0x7f1a10133790_0 .net "ReadData_m", 31 0, L_0x7f1a1017da90;  alias, 1 drivers
v0x7f1a10133830_0 .net "ReadData_w", 31 0, L_0x7f1a0fd54290;  1 drivers
v0x7f1a101338d0_0 .net "RegWrite_w", 0 0, L_0x7f1a0fdb2dd0;  alias, 1 drivers
v0x7f1a10133970_0 .net "ResultSrc_w", 1 0, L_0x7f1a0fdb2e70;  alias, 1 drivers
v0x7f1a10133a10_0 .net "Result_w", 31 0, L_0x7f1a0fd54830;  1 drivers
v0x7f1a10133ab0_0 .net "SrcA_e", 31 0, L_0x7f1a0fd56830;  1 drivers
v0x7f1a10133b50_0 .net "SrcB_e", 31 0, L_0x7f1a0fd56b50;  1 drivers
v0x7f1a10133bf0_0 .net "WriteData_e", 31 0, L_0x7f1a0fd56ab0;  1 drivers
v0x7f1a10133c90_0 .net "WriteData_m", 31 0, L_0x7f1a0fd55e70;  alias, 1 drivers
v0x7f1a10133d30_0 .net "Zero_e", 0 0, L_0x7f1a0fd55bf0;  alias, 1 drivers
v0x7f1a10133dd0_0 .net "clk", 0 0, v0x7f1a0fdb4d30_0;  alias, 1 drivers
v0x7f1a10133e70_0 .net "f3_d", 2 0, L_0x7f1a0fdb1470;  alias, 1 drivers
v0x7f1a10132010_0 .net "f3_e", 2 0, L_0x7f1a0fd565b0;  alias, 1 drivers
v0x7f1a101320b0_0 .net "f7_d", 6 0, L_0x7f1a0fdb1510;  alias, 1 drivers
v0x7f1a10132150_0 .net "flush_d", 0 0, L_0x7f1a1017d940;  alias, 1 drivers
v0x7f1a101321f0_0 .net "flush_e", 0 0, L_0x7f1a1017d9b0;  alias, 1 drivers
v0x7f1a10132290_0 .net "forward_ae", 1 0, v0x7f1a0fdb6790_0;  alias, 1 drivers
v0x7f1a10132330_0 .net "forward_be", 1 0, v0x7f1a0fdb6830_0;  alias, 1 drivers
v0x7f1a101323d0_0 .net "op_d", 6 0, L_0x7f1a0fdb13d0;  alias, 1 drivers
v0x7f1a10132470_0 .net "rd1_d", 31 0, L_0x7f1a0fdb1a10;  1 drivers
v0x7f1a10132510_0 .net "rd1_e", 31 0, L_0x7f1a0fd56010;  1 drivers
v0x7f1a101325b0_0 .net "rd2_d", 31 0, L_0x7f1a0fdb1d30;  1 drivers
v0x7f1a10132650_0 .net "rd2_e", 31 0, L_0x7f1a0fd560b0;  1 drivers
v0x7f1a101326f0_0 .net "rd_d", 4 0, L_0x7f1a0fdb16f0;  1 drivers
v0x7f1a10132790_0 .net "rd_e", 4 0, L_0x7f1a0fd56330;  alias, 1 drivers
v0x7f1a10132830_0 .net "rd_m", 4 0, L_0x7f1a0fd55790;  alias, 1 drivers
v0x7f1a101328d0_0 .net "rd_w", 4 0, L_0x7f1a0fd54330;  alias, 1 drivers
v0x7f1a10132970_0 .net "reset", 0 0, v0x7f1a0fdb4dd0_0;  alias, 1 drivers
v0x7f1a10132a10_0 .net "rs1_d", 4 0, L_0x7f1a0fdb15b0;  alias, 1 drivers
v0x7f1a10132ab0_0 .net "rs1_e", 4 0, L_0x7f1a0fd561f0;  alias, 1 drivers
v0x7f1a10132b50_0 .net "rs2_d", 4 0, L_0x7f1a0fdb1650;  alias, 1 drivers
v0x7f1a10132bf0_0 .net "rs2_e", 4 0, L_0x7f1a0fd56290;  alias, 1 drivers
v0x7f1a10132c90_0 .net "stall_d", 0 0, L_0x7f1a1017d860;  alias, 1 drivers
v0x7f1a10132d30_0 .net "stall_f", 0 0, L_0x7f1a1017d8d0;  alias, 1 drivers
L_0x7f1a0fdb1150 .concat [ 32 32 32 0], L_0x7f1a0fdb10b0, v0x7f1a101dbd30_0, L_0x7f1a1017da20;
L_0x7f1a0fdb11f0 .part v0x7f1a101da290_0, 64, 32;
L_0x7f1a0fdb1290 .part v0x7f1a101da290_0, 32, 32;
L_0x7f1a0fdb1330 .part v0x7f1a101da290_0, 0, 32;
L_0x7f1a0fdb13d0 .part L_0x7f1a0fdb11f0, 0, 7;
L_0x7f1a0fdb1470 .part L_0x7f1a0fdb11f0, 12, 3;
L_0x7f1a0fdb1510 .part L_0x7f1a0fdb11f0, 25, 7;
L_0x7f1a0fdb15b0 .part L_0x7f1a0fdb11f0, 15, 5;
L_0x7f1a0fdb1650 .part L_0x7f1a0fdb11f0, 20, 5;
L_0x7f1a0fdb16f0 .part L_0x7f1a0fdb11f0, 7, 5;
L_0x7f1a0fdb1dd0 .part L_0x7f1a0fdb11f0, 7, 25;
LS_0x7f1a0fdb1e70_0_0 .concat [ 3 32 32 5], L_0x7f1a0fdb1470, L_0x7f1a0fdb1330, v0x7f1a101f3a10_0, L_0x7f1a0fdb16f0;
LS_0x7f1a0fdb1e70_0_4 .concat [ 5 5 32 32], L_0x7f1a0fdb1650, L_0x7f1a0fdb15b0, L_0x7f1a0fdb1290, L_0x7f1a0fdb1d30;
LS_0x7f1a0fdb1e70_0_8 .concat [ 32 0 0 0], L_0x7f1a0fdb1a10;
L_0x7f1a0fdb1e70 .concat [ 72 74 32 0], LS_0x7f1a0fdb1e70_0_0, LS_0x7f1a0fdb1e70_0_4, LS_0x7f1a0fdb1e70_0_8;
L_0x7f1a0fd56010 .part v0x7f1a101da5b0_0, 146, 32;
L_0x7f1a0fd560b0 .part v0x7f1a101da5b0_0, 114, 32;
L_0x7f1a0fd56150 .part v0x7f1a101da5b0_0, 82, 32;
L_0x7f1a0fd561f0 .part v0x7f1a101da5b0_0, 77, 5;
L_0x7f1a0fd56290 .part v0x7f1a101da5b0_0, 72, 5;
L_0x7f1a0fd56330 .part v0x7f1a101da5b0_0, 67, 5;
L_0x7f1a0fd56470 .part v0x7f1a101da5b0_0, 35, 32;
L_0x7f1a0fd56510 .part v0x7f1a101da5b0_0, 3, 32;
L_0x7f1a0fd565b0 .part v0x7f1a101da5b0_0, 0, 3;
LS_0x7f1a0fd55d30_0_0 .concat [ 32 32 5 32], L_0x7f1a0fd56510, L_0x7f1a0fd55c90, L_0x7f1a0fd56330, L_0x7f1a0fd56ab0;
LS_0x7f1a0fd55d30_0_4 .concat [ 32 0 0 0], v0x7f1a101f3510_0;
L_0x7f1a0fd55d30 .concat [ 101 32 0 0], LS_0x7f1a0fd55d30_0_0, LS_0x7f1a0fd55d30_0_4;
L_0x7f1a0fd55dd0 .part v0x7f1a101da830_0, 101, 32;
L_0x7f1a0fd55e70 .part v0x7f1a101da830_0, 69, 32;
L_0x7f1a0fd55790 .part v0x7f1a101da830_0, 64, 5;
L_0x7f1a0fd54010 .part v0x7f1a101da830_0, 32, 32;
L_0x7f1a0fd540b0 .part v0x7f1a101da830_0, 0, 32;
LS_0x7f1a0fd54150_0_0 .concat [ 32 32 5 32], L_0x7f1a0fd540b0, L_0x7f1a0fd54010, L_0x7f1a0fd55790, L_0x7f1a1017da90;
LS_0x7f1a0fd54150_0_4 .concat [ 32 0 0 0], L_0x7f1a0fd55dd0;
L_0x7f1a0fd54150 .concat [ 101 32 0 0], LS_0x7f1a0fd54150_0_0, LS_0x7f1a0fd54150_0_4;
L_0x7f1a0fd541f0 .part v0x7f1a101daab0_0, 101, 32;
L_0x7f1a0fd54290 .part v0x7f1a101daab0_0, 69, 32;
L_0x7f1a0fd54330 .part v0x7f1a101daab0_0, 64, 5;
L_0x7f1a0fd543d0 .part v0x7f1a101daab0_0, 32, 32;
L_0x7f1a0fd54470 .part v0x7f1a101daab0_0, 0, 32;
S_0x7f1a10178600 .scope module, "alu" "alu" 4 175, 6 77 0, S_0x7f1a10178470;
 .timescale 0 0;
    .port_info 0 /INPUT 32 "a";
    .port_info 1 /INPUT 32 "b";
    .port_info 2 /INPUT 4 "alucontrol";
    .port_info 3 /OUTPUT 32 "result";
    .port_info 4 /OUTPUT 1 "zero";
L_0x7f1a101d0900 .functor NOT 32, L_0x7f1a0fd56b50, C4<00000000000000000000000000000000>, C4<00000000000000000000000000000000>, C4<00000000000000000000000000000000>;
L_0x7f1a1019ce40 .functor XOR 1, L_0x7f1a0fd56dd0, L_0x7f1a0fd55150, C4<0>, C4<0>;
L_0x7f1a101a7d50 .functor XOR 1, L_0x7f1a1019ce40, L_0x7f1a0fd551f0, C4<0>, C4<0>;
L_0x7f1a101e0db0 .functor NOT 1, L_0x7f1a101a7d50, C4<0>, C4<0>, C4<0>;
L_0x7f1a101d0dd0 .functor XOR 1, L_0x7f1a0fd55290, L_0x7f1a0fd55330, C4<0>, C4<0>;
L_0x7f1a1019cd60 .functor AND 1, L_0x7f1a101e0db0, L_0x7f1a101d0dd0, C4<1>, C4<1>;
L_0x7f1a0fd68d30 .functor BUFT 1, C4<0>, C4<0>, C4<0>, C4<0>;
L_0x7f1a101d07b0 .functor XNOR 1, L_0x7f1a0fd55ab0, L_0x7f1a0fd68d30, C4<0>, C4<0>;
v0x7f1a102078d0_0 .net *"_ivl_1", 0 0, L_0x7f1a0fd56bf0;  1 drivers
v0x7f1a10207970_0 .net *"_ivl_10", 31 0, L_0x7f1a101d0900;  1 drivers
v0x7f1a10207a10_0 .net *"_ivl_14", 31 0, L_0x7f1a0fd563d0;  1 drivers
v0x7f1a10207ab0_0 .net *"_ivl_16", 31 0, L_0x7f1a0fd55010;  1 drivers
L_0x7f1a0fd68bc8 .functor BUFT 1, C4<0000000000000000000000000000000>, C4<0>, C4<0>, C4<0>;
v0x7f1a10207b50_0 .net *"_ivl_19", 30 0, L_0x7f1a0fd68bc8;  1 drivers
v0x7f1a10207bf0_0 .net *"_ivl_23", 0 0, L_0x7f1a0fd55150;  1 drivers
v0x7f1a10207c90_0 .net *"_ivl_24", 0 0, L_0x7f1a1019ce40;  1 drivers
v0x7f1a10207d30_0 .net *"_ivl_27", 0 0, L_0x7f1a0fd551f0;  1 drivers
v0x7f1a10207dd0_0 .net *"_ivl_28", 0 0, L_0x7f1a101a7d50;  1 drivers
v0x7f1a10207e70_0 .net *"_ivl_3", 1 0, L_0x7f1a0fd56c90;  1 drivers
v0x7f1a101f4010_0 .net *"_ivl_30", 0 0, L_0x7f1a101e0db0;  1 drivers
v0x7f1a101f40b0_0 .net *"_ivl_33", 0 0, L_0x7f1a0fd55290;  1 drivers
v0x7f1a101f4150_0 .net *"_ivl_35", 0 0, L_0x7f1a0fd55330;  1 drivers
v0x7f1a101f41f0_0 .net *"_ivl_36", 0 0, L_0x7f1a101d0dd0;  1 drivers
v0x7f1a101f4290_0 .net *"_ivl_4", 2 0, L_0x7f1a0fd56d30;  1 drivers
v0x7f1a101f4330_0 .net *"_ivl_41", 1 0, L_0x7f1a0fd553d0;  1 drivers
v0x7f1a101f43d0_0 .net *"_ivl_43", 0 0, L_0x7f1a0fd55470;  1 drivers
v0x7f1a101f4470_0 .net *"_ivl_44", 2 0, L_0x7f1a0fd55510;  1 drivers
L_0x7f1a0fd68c10 .functor BUFT 1, C4<110>, C4<0>, C4<0>, C4<0>;
v0x7f1a101f4510_0 .net/2u *"_ivl_46", 2 0, L_0x7f1a0fd68c10;  1 drivers
v0x7f1a101f45b0_0 .net *"_ivl_51", 1 0, L_0x7f1a0fd55650;  1 drivers
L_0x7f1a0fd68c58 .functor BUFT 1, C4<11>, C4<0>, C4<0>, C4<0>;
v0x7f1a101f4650_0 .net/2u *"_ivl_52", 1 0, L_0x7f1a0fd68c58;  1 drivers
v0x7f1a101f46f0_0 .net *"_ivl_57", 2 0, L_0x7f1a0fd55830;  1 drivers
L_0x7f1a0fd68ca0 .functor BUFT 1, C4<110>, C4<0>, C4<0>, C4<0>;
v0x7f1a101f4790_0 .net/2u *"_ivl_58", 2 0, L_0x7f1a0fd68ca0;  1 drivers
L_0x7f1a0fd68b80 .functor BUFT 1, C4<001>, C4<0>, C4<0>, C4<0>;
v0x7f1a101f4830_0 .net/2u *"_ivl_6", 2 0, L_0x7f1a0fd68b80;  1 drivers
v0x7f1a101f48d0_0 .net *"_ivl_63", 2 0, L_0x7f1a0fd55970;  1 drivers
L_0x7f1a0fd68ce8 .functor BUFT 1, C4<101>, C4<0>, C4<0>, C4<0>;
v0x7f1a101f4970_0 .net/2u *"_ivl_64", 2 0, L_0x7f1a0fd68ce8;  1 drivers
v0x7f1a101f4a10_0 .net *"_ivl_69", 0 0, L_0x7f1a0fd55ab0;  1 drivers
v0x7f1a101f4ab0_0 .net/2u *"_ivl_70", 0 0, L_0x7f1a0fd68d30;  1 drivers
L_0x7f1a0fd68d78 .functor BUFT 1, C4<1001>, C4<0>, C4<0>, C4<0>;
v0x7f1a101f4b50_0 .net/2u *"_ivl_74", 3 0, L_0x7f1a0fd68d78;  1 drivers
L_0x7f1a0fd68dc0 .functor BUFT 1, C4<00000000000000000000000000000000>, C4<0>, C4<0>, C4<0>;
v0x7f1a101f4bf0_0 .net/2u *"_ivl_78", 31 0, L_0x7f1a0fd68dc0;  1 drivers
v0x7f1a101f4c90_0 .net "a", 31 0, L_0x7f1a0fd56830;  alias, 1 drivers
v0x7f1a101f4d30_0 .net "acc", 0 0, L_0x7f1a0fd558d0;  1 drivers
v0x7f1a101f4dd0_0 .net "alucontrol", 3 0, L_0x7f1a0fdb28d0;  alias, 1 drivers
v0x7f1a101f4e70_0 .net "ans", 31 0, v0x7f1a10237e70_0;  1 drivers
v0x7f1a101f3010_0 .net "b", 31 0, L_0x7f1a0fd56b50;  alias, 1 drivers
v0x7f1a101f30b0_0 .net "c1", 0 0, L_0x7f1a0fd555b0;  1 drivers
v0x7f1a101f3150_0 .net "c2", 0 0, L_0x7f1a0fd556f0;  1 drivers
v0x7f1a101f31f0_0 .net "condinvb", 31 0, L_0x7f1a0fd56e70;  1 drivers
v0x7f1a101f3290_0 .net "l1", 0 0, L_0x7f1a0fd55a10;  1 drivers
v0x7f1a101f3330_0 .net "l2", 0 0, L_0x7f1a101d07b0;  1 drivers
v0x7f1a101f33d0_0 .net "m", 31 0, v0x7f1a102076f0_0;  1 drivers
v0x7f1a101f3470_0 .net "mulh", 0 0, L_0x7f1a0fd55b50;  1 drivers
v0x7f1a101f3510_0 .var "result", 31 0;
v0x7f1a101f35b0_0 .net "sub", 0 0, L_0x7f1a0fd56dd0;  1 drivers
v0x7f1a101f3650_0 .net "sum", 31 0, L_0x7f1a0fd550b0;  1 drivers
v0x7f1a101f36f0_0 .net "v", 0 0, L_0x7f1a1019cd60;  1 drivers
v0x7f1a101f3790_0 .net "zero", 0 0, L_0x7f1a0fd55bf0;  alias, 1 drivers
E_0x7f1a101ed4a0/0 .event anyedge, v0x7f1a1024e290_0, v0x7f1a10237e70_0, v0x7f1a101f3650_0, v0x7f1a102376f0_0;
E_0x7f1a101ed4a0/1 .event anyedge, v0x7f1a10237830_0, v0x7f1a101f36f0_0, v0x7f1a102076f0_0;
E_0x7f1a101ed4a0 .event/or E_0x7f1a101ed4a0/0, E_0x7f1a101ed4a0/1;
L_0x7f1a0fd56bf0 .part L_0x7f1a0fdb28d0, 3, 1;
L_0x7f1a0fd56c90 .part L_0x7f1a0fdb28d0, 0, 2;
L_0x7f1a0fd56d30 .concat [ 2 1 0 0], L_0x7f1a0fd56c90, L_0x7f1a0fd56bf0;
L_0x7f1a0fd56dd0 .cmp/eq 3, L_0x7f1a0fd56d30, L_0x7f1a0fd68b80;
L_0x7f1a0fd56e70 .functor MUXZ 32, L_0x7f1a0fd56b50, L_0x7f1a101d0900, L_0x7f1a0fd56dd0, C4<>;
L_0x7f1a0fd563d0 .arith/sum 32, L_0x7f1a0fd56830, L_0x7f1a0fd56e70;
L_0x7f1a0fd55010 .concat [ 1 31 0 0], L_0x7f1a0fd56dd0, L_0x7f1a0fd68bc8;
L_0x7f1a0fd550b0 .arith/sum 32, L_0x7f1a0fd563d0, L_0x7f1a0fd55010;
L_0x7f1a0fd55150 .part L_0x7f1a0fd56830, 31, 1;
L_0x7f1a0fd551f0 .part L_0x7f1a0fd56b50, 31, 1;
L_0x7f1a0fd55290 .part L_0x7f1a0fd56830, 31, 1;
L_0x7f1a0fd55330 .part L_0x7f1a0fd550b0, 31, 1;
L_0x7f1a0fd553d0 .part L_0x7f1a0fdb28d0, 2, 2;
L_0x7f1a0fd55470 .part L_0x7f1a0fdb28d0, 0, 1;
L_0x7f1a0fd55510 .concat [ 1 2 0 0], L_0x7f1a0fd55470, L_0x7f1a0fd553d0;
L_0x7f1a0fd555b0 .cmp/eq 3, L_0x7f1a0fd55510, L_0x7f1a0fd68c10;
L_0x7f1a0fd55650 .part L_0x7f1a0fdb28d0, 2, 2;
L_0x7f1a0fd556f0 .cmp/eq 2, L_0x7f1a0fd55650, L_0x7f1a0fd68c58;
L_0x7f1a0fd55830 .part L_0x7f1a0fdb28d0, 1, 3;
L_0x7f1a0fd558d0 .cmp/eq 3, L_0x7f1a0fd55830, L_0x7f1a0fd68ca0;
L_0x7f1a0fd55970 .part L_0x7f1a0fdb28d0, 1, 3;
L_0x7f1a0fd55a10 .cmp/eq 3, L_0x7f1a0fd55970, L_0x7f1a0fd68ce8;
L_0x7f1a0fd55ab0 .part L_0x7f1a0fdb28d0, 0, 1;
L_0x7f1a0fd55b50 .cmp/eq 4, L_0x7f1a0fdb28d0, L_0x7f1a0fd68d78;
L_0x7f1a0fd55bf0 .cmp/eq 32, v0x7f1a101f3510_0, L_0x7f1a0fd68dc0;
S_0x7f1a101787b0 .scope module, "c_add" "carry_adder" 6 100, 6 138 0, S_0x7f1a10178600;
 .timescale 0 0;
    .port_info 0 /INPUT 32 "a";
    .port_info 1 /INPUT 32 "b";
    .port_info 2 /INPUT 1 "c1";
    .port_info 3 /INPUT 1 "c2";
    .port_info 4 /INPUT 1 "acc";
    .port_info 5 /OUTPUT 32 "y";
v0x7f1a102376f0_0 .net "a", 31 0, L_0x7f1a0fd56830;  alias, 1 drivers
v0x7f1a10237790_0 .net "acc", 0 0, L_0x7f1a0fd558d0;  alias, 1 drivers
v0x7f1a10237830_0 .net "b", 31 0, L_0x7f1a0fd56b50;  alias, 1 drivers
v0x7f1a102378d0_0 .net "c1", 0 0, L_0x7f1a0fd555b0;  alias, 1 drivers
v0x7f1a10237970_0 .var "c16", 0 0;
v0x7f1a10237a10_0 .net "c2", 0 0, L_0x7f1a0fd556f0;  alias, 1 drivers
v0x7f1a10237ab0_0 .var "c24", 0 0;
v0x7f1a10237b50_0 .var "c8", 0 0;
v0x7f1a10237bf0_0 .var "x0", 8 0;
v0x7f1a10237c90_0 .var "x1", 8 0;
v0x7f1a10237d30_0 .var "x2", 8 0;
v0x7f1a10237dd0_0 .var "x3", 8 0;
v0x7f1a10237e70_0 .var "y", 31 0;
E_0x7f1a101ed620/0 .event anyedge, v0x7f1a102376f0_0, v0x7f1a10237830_0, v0x7f1a102378d0_0, v0x7f1a10237bf0_0;
E_0x7f1a101ed620/1 .event anyedge, v0x7f1a10237b50_0, v0x7f1a10237a10_0, v0x7f1a10237c90_0, v0x7f1a10237970_0;
E_0x7f1a101ed620/2 .event anyedge, v0x7f1a10237d30_0, v0x7f1a10237ab0_0, v0x7f1a10237790_0, v0x7f1a10237dd0_0;
E_0x7f1a101ed620 .event/or E_0x7f1a101ed620/0, E_0x7f1a101ed620/1, E_0x7f1a101ed620/2;
S_0x7f1a10178940 .scope module, "mul" "multiplier" 6 106, 6 162 0, S_0x7f1a10178600;
 .timescale 0 0;
    .port_info 0 /INPUT 32 "a";
    .port_info 1 /INPUT 32 "b";
    .port_info 2 /INPUT 1 "l1";
    .port_info 3 /INPUT 1 "l2";
    .port_info 4 /INPUT 1 "mulh";
    .port_info 5 /OUTPUT 32 "y";
v0x7f1a102070b0_0 .net "a", 31 0, L_0x7f1a0fd56830;  alias, 1 drivers
v0x7f1a10207150_0 .net "b", 31 0, L_0x7f1a0fd56b50;  alias, 1 drivers
v0x7f1a102071f0_0 .net "l1", 0 0, L_0x7f1a0fd55a10;  alias, 1 drivers
v0x7f1a10207290_0 .net "l2", 0 0, L_0x7f1a101d07b0;  alias, 1 drivers
v0x7f1a10207330_0 .net "mulh", 0 0, L_0x7f1a0fd55b50;  alias, 1 drivers
v0x7f1a102073d0_0 .var "res", 63 0;
v0x7f1a10207470_0 .var "x0", 7 0;
v0x7f1a10207510_0 .var "x1", 7 0;
v0x7f1a102075b0_0 .var "x2", 7 0;
v0x7f1a10207650_0 .var "x3", 7 0;
v0x7f1a102076f0_0 .var "y", 31 0;
v0x7f1a10207790_0 .var "z0", 15 0;
v0x7f1a10207830_0 .var "z1", 15 0;
E_0x7f1a101ebf10/0 .event anyedge, v0x7f1a102071f0_0, v0x7f1a102376f0_0, v0x7f1a10237830_0, v0x7f1a10207650_0;
E_0x7f1a101ebf10/1 .event anyedge, v0x7f1a102075b0_0, v0x7f1a10207510_0, v0x7f1a10207470_0, v0x7f1a10207290_0;
E_0x7f1a101ebf10/2 .event anyedge, v0x7f1a10207830_0, v0x7f1a10207790_0, v0x7f1a10207330_0, v0x7f1a102073d0_0;
E_0x7f1a101ebf10 .event/or E_0x7f1a101ebf10/0, E_0x7f1a101ebf10/1, E_0x7f1a101ebf10/2;
S_0x7f1a10178ad0 .scope module, "branchadd" "adder" 4 176, 6 192 0, S_0x7f1a10178470;
 .timescale 0 0;
    .port_info 0 /INPUT 32 "a";
    .port_info 1 /INPUT 32 "b";
    .port_info 2 /OUTPUT 32 "y";
v0x7f1a101f3830_0 .net "a", 31 0, L_0x7f1a0fd56470;  alias, 1 drivers
v0x7f1a101f38d0_0 .net "b", 31 0, L_0x7f1a0fd56150;  alias, 1 drivers
v0x7f1a101f3970_0 .net "y", 31 0, L_0x7f1a0fd55c90;  alias, 1 drivers
L_0x7f1a0fd55c90 .arith/sum 32, L_0x7f1a0fd56470, L_0x7f1a0fd56150;
S_0x7f1a10178c60 .scope module, "ext" "extend" 4 166, 6 199 0, S_0x7f1a10178470;
 .timescale 0 0;
    .port_info 0 /INPUT 25 "instr";
    .port_info 1 /INPUT 2 "immsrc";
    .port_info 2 /OUTPUT 32 "immext";
v0x7f1a101f3a10_0 .var "immext", 31 0;
v0x7f1a101f3ab0_0 .net "immsrc", 1 0, L_0x7f1a0fdb2010;  alias, 1 drivers
v0x7f1a101f3b50_0 .net "instr", 31 7, L_0x7f1a0fdb1dd0;  1 drivers
E_0x7f1a1020c020 .event anyedge, v0x7f1a101d4d30_0, v0x7f1a101f3b50_0;
S_0x7f1a10178df0 .scope module, "famux_e" "mux3" 4 172, 6 270 0, S_0x7f1a10178470;
 .timescale 0 0;
    .port_info 0 /INPUT 32 "d0";
    .port_info 1 /INPUT 32 "d1";
    .port_info 2 /INPUT 32 "d2";
    .port_info 3 /INPUT 2 "s";
    .port_info 4 /OUTPUT 32 "y";
P_0x7f1a10177eb0 .param/l "WIDTH" 0 6 270, +C4<00000000000000000000000000100000>;
v0x7f1a101f3bf0_0 .net *"_ivl_1", 0 0, L_0x7f1a0fd56650;  1 drivers
v0x7f1a101f3c90_0 .net *"_ivl_3", 0 0, L_0x7f1a0fd566f0;  1 drivers
v0x7f1a101f3d30_0 .net *"_ivl_4", 31 0, L_0x7f1a0fd56790;  1 drivers
v0x7f1a101f3dd0_0 .net "d0", 31 0, L_0x7f1a0fd56010;  alias, 1 drivers
v0x7f1a101f3e70_0 .net "d1", 31 0, L_0x7f1a0fd54830;  alias, 1 drivers
v0x7f1a101db010_0 .net "d2", 31 0, L_0x7f1a0fd55dd0;  alias, 1 drivers
v0x7f1a101db0b0_0 .net "s", 1 0, v0x7f1a0fdb6790_0;  alias, 1 drivers
v0x7f1a101db150_0 .net "y", 31 0, L_0x7f1a0fd56830;  alias, 1 drivers
L_0x7f1a0fd56650 .part v0x7f1a0fdb6790_0, 1, 1;
L_0x7f1a0fd566f0 .part v0x7f1a0fdb6790_0, 0, 1;
L_0x7f1a0fd56790 .functor MUXZ 32, L_0x7f1a0fd56010, L_0x7f1a0fd54830, L_0x7f1a0fd566f0, C4<>;
L_0x7f1a0fd56830 .functor MUXZ 32, L_0x7f1a0fd56790, L_0x7f1a0fd55dd0, L_0x7f1a0fd56650, C4<>;
S_0x7f1a10179790 .scope module, "fbmux_e" "mux3" 4 173, 6 270 0, S_0x7f1a10178470;
 .timescale 0 0;
    .port_info 0 /INPUT 32 "d0";
    .port_info 1 /INPUT 32 "d1";
    .port_info 2 /INPUT 32 "d2";
    .port_info 3 /INPUT 2 "s";
    .port_info 4 /OUTPUT 32 "y";
P_0x7f1a101790e0 .param/l "WIDTH" 0 6 270, +C4<00000000000000000000000000100000>;
v0x7f1a101db1f0_0 .net *"_ivl_1", 0 0, L_0x7f1a0fd568d0;  1 drivers
v0x7f1a101db290_0 .net *"_ivl_3", 0 0, L_0x7f1a0fd56970;  1 drivers
v0x7f1a101db330_0 .net *"_ivl_4", 31 0, L_0x7f1a0fd56a10;  1 drivers
v0x7f1a101db3d0_0 .net "d0", 31 0, L_0x7f1a0fd560b0;  alias, 1 drivers
v0x7f1a101db470_0 .net "d1", 31 0, L_0x7f1a0fd54830;  alias, 1 drivers
v0x7f1a101db510_0 .net "d2", 31 0, L_0x7f1a0fd55dd0;  alias, 1 drivers
v0x7f1a101db5b0_0 .net "s", 1 0, v0x7f1a0fdb6830_0;  alias, 1 drivers
v0x7f1a101db650_0 .net "y", 31 0, L_0x7f1a0fd56ab0;  alias, 1 drivers
L_0x7f1a0fd568d0 .part v0x7f1a0fdb6830_0, 1, 1;
L_0x7f1a0fd56970 .part v0x7f1a0fdb6830_0, 0, 1;
L_0x7f1a0fd56a10 .functor MUXZ 32, L_0x7f1a0fd560b0, L_0x7f1a0fd54830, L_0x7f1a0fd56970, C4<>;
L_0x7f1a0fd56ab0 .functor MUXZ 32, L_0x7f1a0fd56a10, L_0x7f1a0fd55dd0, L_0x7f1a0fd568d0, C4<>;
S_0x7f1a10179920 .scope module, "pcadd" "adder" 4 152, 6 192 0, S_0x7f1a10178470;
 .timescale 0 0;
    .port_info 0 /INPUT 32 "a";
    .port_info 1 /INPUT 32 "b";
    .port_info 2 /OUTPUT 32 "y";
v0x7f1a101db6f0_0 .net "a", 31 0, v0x7f1a101dbd30_0;  alias, 1 drivers
L_0x7f1a0fd688f8 .functor BUFT 1, C4<00000000000000000000000000000100>, C4<0>, C4<0>, C4<0>;
v0x7f1a101db790_0 .net "b", 31 0, L_0x7f1a0fd688f8;  1 drivers
v0x7f1a101db830_0 .net "y", 31 0, L_0x7f1a0fdb10b0;  alias, 1 drivers
L_0x7f1a0fdb10b0 .arith/sum 32, v0x7f1a101dbd30_0, L_0x7f1a0fd688f8;
S_0x7f1a10179ab0 .scope module, "pcmux" "mux2" 4 150, 6 262 0, S_0x7f1a10178470;
 .timescale 0 0;
    .port_info 0 /INPUT 32 "d0";
    .port_info 1 /INPUT 32 "d1";
    .port_info 2 /INPUT 1 "s";
    .port_info 3 /OUTPUT 32 "y";
P_0x7f1a10179310 .param/l "WIDTH" 0 6 262, +C4<00000000000000000000000000100000>;
v0x7f1a101db8d0_0 .net "d0", 31 0, L_0x7f1a0fdb10b0;  alias, 1 drivers
v0x7f1a101db970_0 .net "d1", 31 0, L_0x7f1a0fd55c90;  alias, 1 drivers
v0x7f1a101dba10_0 .net "s", 0 0, L_0x7f1a101a7ce0;  alias, 1 drivers
v0x7f1a101dbab0_0 .net "y", 31 0, L_0x7f1a0fdb1010;  alias, 1 drivers
L_0x7f1a0fdb1010 .functor MUXZ 32, L_0x7f1a0fdb10b0, L_0x7f1a0fd55c90, L_0x7f1a101a7ce0, C4<>;
S_0x7f1a10179c40 .scope module, "pcreg" "flopenr" 4 151, 6 228 0, S_0x7f1a10178470;
 .timescale 0 0;
    .port_info 0 /INPUT 1 "clk";
    .port_info 1 /INPUT 1 "reset";
    .port_info 2 /INPUT 1 "en";
    .port_info 3 /INPUT 32 "d";
    .port_info 4 /OUTPUT 32 "q";
P_0x7f1a10179400 .param/l "WIDTH" 0 6 228, +C4<00000000000000000000000000100000>;
v0x7f1a101dbb50_0 .net "clk", 0 0, v0x7f1a0fdb4d30_0;  alias, 1 drivers
v0x7f1a101dbbf0_0 .net "d", 31 0, L_0x7f1a0fdb1010;  alias, 1 drivers
v0x7f1a101dbc90_0 .net "en", 0 0, L_0x7f1a101a7dc0;  1 drivers
v0x7f1a101dbd30_0 .var "q", 31 0;
v0x7f1a101dbdd0_0 .net "reset", 0 0, v0x7f1a0fdb4dd0_0;  alias, 1 drivers
S_0x7f1a10179dd0 .scope module, "reg_d" "flopenrc" 4 155, 6 250 0, S_0x7f1a10178470;
 .timescale 0 0;
    .port_info 0 /INPUT 1 "clk";
    .port_info 1 /INPUT 1 "reset";
    .port_info 2 /INPUT 1 "clear";
    .port_info 3 /INPUT 1 "en";
    .port_info 4 /INPUT 96 "d";
    .port_info 5 /OUTPUT 96 "q";
P_0x7f1a10179590 .param/l "WIDTH" 0 6 250, +C4<00000000000000000000000001100000>;
v0x7f1a101da010_0 .net "clear", 0 0, L_0x7f1a1017d940;  alias, 1 drivers
v0x7f1a101da0b0_0 .net "clk", 0 0, v0x7f1a0fdb4d30_0;  alias, 1 drivers
v0x7f1a101da150_0 .net "d", 95 0, L_0x7f1a0fdb1150;  1 drivers
v0x7f1a101da1f0_0 .net "en", 0 0, L_0x7f1a101e0e90;  1 drivers
v0x7f1a101da290_0 .var "q", 95 0;
v0x7f1a101da330_0 .net "reset", 0 0, v0x7f1a0fdb4dd0_0;  alias, 1 drivers
S_0x7f1a10179f80 .scope module, "reg_e" "floprc" 4 168, 6 238 0, S_0x7f1a10178470;
 .timescale 0 0;
    .port_info 0 /INPUT 1 "clk";
    .port_info 1 /INPUT 1 "reset";
    .port_info 2 /INPUT 1 "clear";
    .port_info 3 /INPUT 178 "d";
    .port_info 4 /OUTPUT 178 "q";
P_0x7f1a101796d0 .param/l "WIDTH" 0 6 238, +C4<00000000000000000000000010110010>;
v0x7f1a101da3d0_0 .net "clear", 0 0, L_0x7f1a1017d9b0;  alias, 1 drivers
v0x7f1a101da470_0 .net "clk", 0 0, v0x7f1a0fdb4d30_0;  alias, 1 drivers
v0x7f1a101da510_0 .net "d", 177 0, L_0x7f1a0fdb1e70;  1 drivers
v0x7f1a101da5b0_0 .var "q", 177 0;
v0x7f1a101da650_0 .net "reset", 0 0, v0x7f1a0fdb4dd0_0;  alias, 1 drivers
S_0x7f1a1017a110 .scope module, "reg_m" "flopr" 4 178, 6 218 0, S_0x7f1a10178470;
 .timescale 0 0;
    .port_info 0 /INPUT 1 "clk";
    .port_info 1 /INPUT 1 "reset";
    .port_info 2 /INPUT 133 "d";
    .port_info 3 /OUTPUT 133 "q";
P_0x7f1a1017a7c0 .param/l "WIDTH" 0 6 218, +C4<00000000000000000000000010000101>;
v0x7f1a101da6f0_0 .net "clk", 0 0, v0x7f1a0fdb4d30_0;  alias, 1 drivers
v0x7f1a101da790_0 .net "d", 132 0, L_0x7f1a0fd55d30;  1 drivers
v0x7f1a101da830_0 .var "q", 132 0;
v0x7f1a101da8d0_0 .net "reset", 0 0, v0x7f1a0fdb4dd0_0;  alias, 1 drivers
S_0x7f1a1017a2a0 .scope module, "reg_w" "flopr" 4 181, 6 218 0, S_0x7f1a10178470;
 .timescale 0 0;
    .port_info 0 /INPUT 1 "clk";
    .port_info 1 /INPUT 1 "reset";
    .port_info 2 /INPUT 133 "d";
    .port_info 3 /OUTPUT 133 "q";
P_0x7f1a1017a8b0 .param/l "WIDTH" 0 6 218, +C4<00000000000000000000000010000101>;
v0x7f1a101da970_0 .net "clk", 0 0, v0x7f1a0fdb4d30_0;  alias, 1 drivers
v0x7f1a101daa10_0 .net "d", 132 0, L_0x7f1a0fd54150;  1 drivers
v0x7f1a101daab0_0 .var "q", 132 0;
v0x7f1a101dab50_0 .net "reset", 0 0, v0x7f1a0fdb4dd0_0;  alias, 1 drivers
S_0x7f1a1017a430 .scope module, "resmux" "mux4" 4 184, 6 278 0, S_0x7f1a10178470;
 .timescale 0 0;
    .port_info 0 /INPUT 32 "d0";
    .port_info 1 /INPUT 32 "d1";
    .port_info 2 /INPUT 32 "d2";
    .port_info 3 /INPUT 32 "d3";
    .port_info 4 /INPUT 2 "s";
    .port_info 5 /OUTPUT 32 "y";
P_0x7f1a1017a9a0 .param/l "WIDTH" 0 6 278, +C4<00000000000000000000000000100000>;
v0x7f1a101dac90_0 .net *"_ivl_1", 0 0, L_0x7f1a0fd54510;  1 drivers
v0x7f1a101dad30_0 .net *"_ivl_3", 0 0, L_0x7f1a0fd545b0;  1 drivers
v0x7f1a101dadd0_0 .net *"_ivl_4", 31 0, L_0x7f1a0fd54650;  1 drivers
v0x7f1a101dae70_0 .net *"_ivl_7", 0 0, L_0x7f1a0fd546f0;  1 drivers
v0x7f1a10136010_0 .net *"_ivl_8", 31 0, L_0x7f1a0fd54790;  1 drivers
v0x7f1a101360b0_0 .net "d0", 31 0, L_0x7f1a0fd541f0;  alias, 1 drivers
v0x7f1a10136150_0 .net "d1", 31 0, L_0x7f1a0fd54290;  alias, 1 drivers
v0x7f1a101361f0_0 .net "d2", 31 0, L_0x7f1a0fd54470;  alias, 1 drivers
v0x7f1a10136290_0 .net "d3", 31 0, L_0x7f1a0fd543d0;  alias, 1 drivers
v0x7f1a10136330_0 .net "s", 1 0, L_0x7f1a0fdb2e70;  alias, 1 drivers
v0x7f1a101363d0_0 .net "y", 31 0, L_0x7f1a0fd54830;  alias, 1 drivers
L_0x7f1a0fd54510 .part L_0x7f1a0fdb2e70, 1, 1;
L_0x7f1a0fd545b0 .part L_0x7f1a0fdb2e70, 0, 1;
L_0x7f1a0fd54650 .functor MUXZ 32, L_0x7f1a0fd54470, L_0x7f1a0fd543d0, L_0x7f1a0fd545b0, C4<>;
L_0x7f1a0fd546f0 .part L_0x7f1a0fdb2e70, 0, 1;
L_0x7f1a0fd54790 .functor MUXZ 32, L_0x7f1a0fd541f0, L_0x7f1a0fd54290, L_0x7f1a0fd546f0, C4<>;
L_0x7f1a0fd54830 .functor MUXZ 32, L_0x7f1a0fd54790, L_0x7f1a0fd54650, L_0x7f1a0fd54510, C4<>;
S_0x7f1a1017a5c0 .scope module, "rf" "regfile" 4 165, 6 286 0, S_0x7f1a10178470;
 .timescale 0 0;
    .port_info 0 /INPUT 1 "clk";
    .port_info 1 /INPUT 1 "we3";
    .port_info 2 /INPUT 5 "a1";
    .port_info 3 /INPUT 5 "a2";
    .port_info 4 /INPUT 5 "a3";
    .port_info 5 /INPUT 32 "wd3";
    .port_info 6 /OUTPUT 32 "rd1";
    .port_info 7 /OUTPUT 32 "rd2";
v0x7f1a10136470_0 .net *"_ivl_0", 31 0, L_0x7f1a0fdb1790;  1 drivers
v0x7f1a10136510_0 .net *"_ivl_10", 6 0, L_0x7f1a0fdb1970;  1 drivers
L_0x7f1a0fd689d0 .functor BUFT 1, C4<00>, C4<0>, C4<0>, C4<0>;
v0x7f1a101365b0_0 .net *"_ivl_13", 1 0, L_0x7f1a0fd689d0;  1 drivers
L_0x7f1a0fd68a18 .functor BUFT 1, C4<00000000000000000000000000000000>, C4<0>, C4<0>, C4<0>;
v0x7f1a10136650_0 .net/2u *"_ivl_14", 31 0, L_0x7f1a0fd68a18;  1 drivers
v0x7f1a101366f0_0 .net *"_ivl_18", 31 0, L_0x7f1a0fdb1ab0;  1 drivers
L_0x7f1a0fd68a60 .functor BUFT 1, C4<000000000000000000000000000>, C4<0>, C4<0>, C4<0>;
v0x7f1a10136790_0 .net *"_ivl_21", 26 0, L_0x7f1a0fd68a60;  1 drivers
L_0x7f1a0fd68aa8 .functor BUFT 1, C4<00000000000000000000000000000000>, C4<0>, C4<0>, C4<0>;
v0x7f1a10136830_0 .net/2u *"_ivl_22", 31 0, L_0x7f1a0fd68aa8;  1 drivers
v0x7f1a101368d0_0 .net *"_ivl_24", 0 0, L_0x7f1a0fdb1b50;  1 drivers
v0x7f1a10136970_0 .net *"_ivl_26", 31 0, L_0x7f1a0fdb1bf0;  1 drivers
v0x7f1a10136a10_0 .net *"_ivl_28", 6 0, L_0x7f1a0fdb1c90;  1 drivers
L_0x7f1a0fd68940 .functor BUFT 1, C4<000000000000000000000000000>, C4<0>, C4<0>, C4<0>;
v0x7f1a10136ab0_0 .net *"_ivl_3", 26 0, L_0x7f1a0fd68940;  1 drivers
L_0x7f1a0fd68af0 .functor BUFT 1, C4<00>, C4<0>, C4<0>, C4<0>;
v0x7f1a10136b50_0 .net *"_ivl_31", 1 0, L_0x7f1a0fd68af0;  1 drivers
L_0x7f1a0fd68b38 .functor BUFT 1, C4<00000000000000000000000000000000>, C4<0>, C4<0>, C4<0>;
v0x7f1a10136bf0_0 .net/2u *"_ivl_32", 31 0, L_0x7f1a0fd68b38;  1 drivers
L_0x7f1a0fd68988 .functor BUFT 1, C4<00000000000000000000000000000000>, C4<0>, C4<0>, C4<0>;
v0x7f1a10136c90_0 .net/2u *"_ivl_4", 31 0, L_0x7f1a0fd68988;  1 drivers
v0x7f1a10136d30_0 .net *"_ivl_6", 0 0, L_0x7f1a0fdb1830;  1 drivers
v0x7f1a10136dd0_0 .net *"_ivl_8", 31 0, L_0x7f1a0fdb18d0;  1 drivers
v0x7f1a10136e70_0 .net "a1", 4 0, L_0x7f1a0fdb15b0;  alias, 1 drivers
v0x7f1a10135010_0 .net "a2", 4 0, L_0x7f1a0fdb1650;  alias, 1 drivers
v0x7f1a101350b0_0 .net "a3", 4 0, L_0x7f1a0fd54330;  alias, 1 drivers
v0x7f1a10135150_0 .net "clk", 0 0, v0x7f1a0fdb4d30_0;  alias, 1 drivers
v0x7f1a101351f0_0 .net "rd1", 31 0, L_0x7f1a0fdb1a10;  alias, 1 drivers
v0x7f1a10135290_0 .net "rd2", 31 0, L_0x7f1a0fdb1d30;  alias, 1 drivers
v0x7f1a10135330 .array "rf", 0 31, 31 0;
v0x7f1a101353d0_0 .net "wd3", 31 0, L_0x7f1a0fd54830;  alias, 1 drivers
v0x7f1a10135470_0 .net "we3", 0 0, L_0x7f1a0fdb2dd0;  alias, 1 drivers
E_0x7f1a1020c260 .event negedge, v0x7f1a10174330_0;
L_0x7f1a0fdb1790 .concat [ 5 27 0 0], L_0x7f1a0fdb15b0, L_0x7f1a0fd68940;
L_0x7f1a0fdb1830 .cmp/ne 32, L_0x7f1a0fdb1790, L_0x7f1a0fd68988;
L_0x7f1a0fdb18d0 .array/port v0x7f1a10135330, L_0x7f1a0fdb1970;
L_0x7f1a0fdb1970 .concat [ 5 2 0 0], L_0x7f1a0fdb15b0, L_0x7f1a0fd689d0;
L_0x7f1a0fdb1a10 .functor MUXZ 32, L_0x7f1a0fd68a18, L_0x7f1a0fdb18d0, L_0x7f1a0fdb1830, C4<>;
L_0x7f1a0fdb1ab0 .concat [ 5 27 0 0], L_0x7f1a0fdb1650, L_0x7f1a0fd68a60;
L_0x7f1a0fdb1b50 .cmp/ne 32, L_0x7f1a0fdb1ab0, L_0x7f1a0fd68aa8;
L_0x7f1a0fdb1bf0 .array/port v0x7f1a10135330, L_0x7f1a0fdb1c90;
L_0x7f1a0fdb1c90 .concat [ 5 2 0 0], L_0x7f1a0fdb1650, L_0x7f1a0fd68af0;
L_0x7f1a0fdb1d30 .functor MUXZ 32, L_0x7f1a0fd68b38, L_0x7f1a0fdb1bf0, L_0x7f1a0fdb1b50, C4<>;
S_0x7f1a10134010 .scope module, "srcbmux" "mux2" 4 174, 6 262 0, S_0x7f1a10178470;
 .timescale 0 0;
    .port_info 0 /INPUT 32 "d0";
    .port_info 1 /INPUT 32 "d1";
    .port_info 2 /INPUT 1 "s";
    .port_info 3 /OUTPUT 32 "y";
P_0x7f1a1017ac70 .param/l "WIDTH" 0 6 262, +C4<00000000000000000000000000100000>;
v0x7f1a10135510_0 .net "d0", 31 0, L_0x7f1a0fd56ab0;  alias, 1 drivers
v0x7f1a101355b0_0 .net "d1", 31 0, L_0x7f1a0fd56470;  alias, 1 drivers
v0x7f1a10135650_0 .net "s", 0 0, L_0x7f1a0fdb2970;  alias, 1 drivers
v0x7f1a101356f0_0 .net "y", 31 0, L_0x7f1a0fd56b50;  alias, 1 drivers
L_0x7f1a0fd56b50 .functor MUXZ 32, L_0x7f1a0fd56ab0, L_0x7f1a0fd56470, L_0x7f1a0fdb2970, C4<>;
S_0x7f1a101341a0 .scope module, "hu" "hazard" 4 47, 4 189 0, S_0x7f1a10176fe0;
 .timescale 0 0;
    .port_info 0 /INPUT 5 "rs1_d";
    .port_info 1 /INPUT 5 "rs2_d";
    .port_info 2 /INPUT 5 "rs1_e";
    .port_info 3 /INPUT 5 "rs2_e";
    .port_info 4 /INPUT 5 "rd_e";
    .port_info 5 /INPUT 5 "rd_m";
    .port_info 6 /INPUT 5 "rd_w";
    .port_info 7 /INPUT 1 "PCSrc_e";
    .port_info 8 /INPUT 1 "ResultSrcb0_e";
    .port_info 9 /INPUT 1 "RegWrite_m";
    .port_info 10 /INPUT 1 "RegWrite_w";
    .port_info 11 /OUTPUT 2 "forward_ae";
    .port_info 12 /OUTPUT 2 "forward_be";
    .port_info 13 /OUTPUT 1 "stall_f";
    .port_info 14 /OUTPUT 1 "stall_d";
    .port_info 15 /OUTPUT 1 "flush_d";
    .port_info 16 /OUTPUT 1 "flush_e";
L_0x7f1a1017d710 .functor AND 1, L_0x7f1a0fdb2a10, L_0x7f1a0fd54970, C4<1>, C4<1>;
L_0x7f1a1017d780 .functor OR 1, L_0x7f1a0fd54a10, L_0x7f1a0fd54ab0, C4<0>, C4<0>;
L_0x7f1a1017d7f0 .functor AND 1, L_0x7f1a1017d710, L_0x7f1a1017d780, C4<1>, C4<1>;
L_0x7f1a1017d860 .functor BUFZ 1, L_0x7f1a1017d7f0, C4<0>, C4<0>, C4<0>;
L_0x7f1a1017d8d0 .functor BUFZ 1, L_0x7f1a1017d7f0, C4<0>, C4<0>, C4<0>;
L_0x7f1a1017d940 .functor BUFZ 1, L_0x7f1a101a7ce0, C4<0>, C4<0>, C4<0>;
L_0x7f1a1017d9b0 .functor OR 1, L_0x7f1a1017d7f0, L_0x7f1a101a7ce0, C4<0>, C4<0>;
v0x7f1a10132dd0_0 .net "PCSrc_e", 0 0, L_0x7f1a101a7ce0;  alias, 1 drivers
v0x7f1a10132e70_0 .net "RegWrite_m", 0 0, L_0x7f1a0fdb2b50;  alias, 1 drivers
v0x7f1a0fdb6010_0 .net "RegWrite_w", 0 0, L_0x7f1a0fdb2dd0;  alias, 1 drivers
v0x7f1a0fdb60b0_0 .net "ResultSrcb0_e", 0 0, L_0x7f1a0fdb2a10;  alias, 1 drivers
v0x7f1a0fdb6150_0 .net *"_ivl_0", 31 0, L_0x7f1a0fd548d0;  1 drivers
v0x7f1a0fdb61f0_0 .net *"_ivl_10", 0 0, L_0x7f1a0fd54a10;  1 drivers
v0x7f1a0fdb6290_0 .net *"_ivl_12", 0 0, L_0x7f1a0fd54ab0;  1 drivers
v0x7f1a0fdb6330_0 .net *"_ivl_14", 0 0, L_0x7f1a1017d780;  1 drivers
L_0x7f1a0fd68e08 .functor BUFT 1, C4<000000000000000000000000000>, C4<0>, C4<0>, C4<0>;
v0x7f1a0fdb63d0_0 .net *"_ivl_3", 26 0, L_0x7f1a0fd68e08;  1 drivers
L_0x7f1a0fd68e50 .functor BUFT 1, C4<00000000000000000000000000000000>, C4<0>, C4<0>, C4<0>;
v0x7f1a0fdb6470_0 .net/2u *"_ivl_4", 31 0, L_0x7f1a0fd68e50;  1 drivers
v0x7f1a0fdb6510_0 .net *"_ivl_6", 0 0, L_0x7f1a0fd54970;  1 drivers
v0x7f1a0fdb65b0_0 .net *"_ivl_8", 0 0, L_0x7f1a1017d710;  1 drivers
v0x7f1a0fdb6650_0 .net "flush_d", 0 0, L_0x7f1a1017d940;  alias, 1 drivers
v0x7f1a0fdb66f0_0 .net "flush_e", 0 0, L_0x7f1a1017d9b0;  alias, 1 drivers
v0x7f1a0fdb6790_0 .var "forward_ae", 1 0;
v0x7f1a0fdb6830_0 .var "forward_be", 1 0;
v0x7f1a0fdb68d0_0 .net "lwstall_d", 0 0, L_0x7f1a1017d7f0;  1 drivers
v0x7f1a0fdb6970_0 .net "rd_e", 4 0, L_0x7f1a0fd56330;  alias, 1 drivers
v0x7f1a0fdb6a10_0 .net "rd_m", 4 0, L_0x7f1a0fd55790;  alias, 1 drivers
v0x7f1a0fdb6ab0_0 .net "rd_w", 4 0, L_0x7f1a0fd54330;  alias, 1 drivers
v0x7f1a0fdb6b50_0 .net "rs1_d", 4 0, L_0x7f1a0fdb15b0;  alias, 1 drivers
v0x7f1a0fdb6bf0_0 .net "rs1_e", 4 0, L_0x7f1a0fd561f0;  alias, 1 drivers
v0x7f1a0fdb6c90_0 .net "rs2_d", 4 0, L_0x7f1a0fdb1650;  alias, 1 drivers
v0x7f1a0fdb6d30_0 .net "rs2_e", 4 0, L_0x7f1a0fd56290;  alias, 1 drivers
v0x7f1a0fdb6dd0_0 .net "stall_d", 0 0, L_0x7f1a1017d860;  alias, 1 drivers
v0x7f1a0fdb6e70_0 .net "stall_f", 0 0, L_0x7f1a1017d8d0;  alias, 1 drivers
E_0x7f1a1020c360/0 .event anyedge, v0x7f1a10132ab0_0, v0x7f1a10132830_0, v0x7f1a1024ebf0_0, v0x7f1a101350b0_0;
E_0x7f1a1020c360/1 .event anyedge, v0x7f1a1024ec90_0, v0x7f1a10132bf0_0;
E_0x7f1a1020c360 .event/or E_0x7f1a1020c360/0, E_0x7f1a1020c360/1;
L_0x7f1a0fd548d0 .concat [ 5 27 0 0], L_0x7f1a0fd56330, L_0x7f1a0fd68e08;
L_0x7f1a0fd54970 .cmp/ne 32, L_0x7f1a0fd548d0, L_0x7f1a0fd68e50;
L_0x7f1a0fd54a10 .cmp/eq 5, L_0x7f1a0fdb15b0, L_0x7f1a0fd56330;
L_0x7f1a0fd54ab0 .cmp/eq 5, L_0x7f1a0fdb1650, L_0x7f1a0fd56330;
    .scope S_0x7f1a101782e0;
T_0 ;
    %wait E_0x7f1a101ed160;
    %load/vec4 v0x7f1a1024e150_0;
    %dup/vec4;
    %pushi/vec4 3, 0, 7;
    %cmp/u;
    %jmp/1 T_0.0, 6;
    %dup/vec4;
    %pushi/vec4 35, 0, 7;
    %cmp/u;
    %jmp/1 T_0.1, 6;
    %dup/vec4;
    %pushi/vec4 51, 0, 7;
    %cmp/u;
    %jmp/1 T_0.2, 6;
    %dup/vec4;
    %pushi/vec4 99, 0, 7;
    %cmp/u;
    %jmp/1 T_0.3, 6;
    %dup/vec4;
    %pushi/vec4 19, 0, 7;
    %cmp/u;
    %jmp/1 T_0.4, 6;
    %dup/vec4;
    %pushi/vec4 111, 0, 7;
    %cmp/u;
    %jmp/1 T_0.5, 6;
    %dup/vec4;
    %pushi/vec4 0, 0, 7;
    %cmp/u;
    %jmp/1 T_0.6, 6;
    %pushi/vec4 2047, 2047, 11;
    %store/vec4 v0x7f1a1024e0b0_0, 0, 11;
    %jmp T_0.8;
T_0.0 ;
    %pushi/vec4 1168, 0, 11;
    %store/vec4 v0x7f1a1024e0b0_0, 0, 11;
    %jmp T_0.8;
T_0.1 ;
    %pushi/vec4 448, 0, 11;
    %store/vec4 v0x7f1a1024e0b0_0, 0, 11;
    %jmp T_0.8;
T_0.2 ;
    %pushi/vec4 1796, 768, 11;
    %store/vec4 v0x7f1a1024e0b0_0, 0, 11;
    %jmp T_0.8;
T_0.3 ;
    %pushi/vec4 522, 0, 11;
    %store/vec4 v0x7f1a1024e0b0_0, 0, 11;
    %jmp T_0.8;
T_0.4 ;
    %pushi/vec4 1156, 0, 11;
    %store/vec4 v0x7f1a1024e0b0_0, 0, 11;
    %jmp T_0.8;
T_0.5 ;
    %pushi/vec4 1825, 0, 11;
    %store/vec4 v0x7f1a1024e0b0_0, 0, 11;
    %jmp T_0.8;
T_0.6 ;
    %pushi/vec4 0, 0, 11;
    %store/vec4 v0x7f1a1024e0b0_0, 0, 11;
    %jmp T_0.8;
T_0.8 ;
    %pop/vec4 1;
    %jmp T_0;
    .thread T_0, $push;
    .scope S_0x7f1a10177490;
T_1 ;
    %wait E_0x7f1a101ed020;
    %load/vec4 v0x7f1a10174970_0;
    %dup/vec4;
    %pushi/vec4 0, 0, 2;
    %cmp/u;
    %jmp/1 T_1.0, 6;
    %dup/vec4;
    %pushi/vec4 1, 0, 2;
    %cmp/u;
    %jmp/1 T_1.1, 6;
    %load/vec4 v0x7f1a10174a10_0;
    %dup/vec4;
    %pushi/vec4 0, 0, 3;
    %cmp/u;
    %jmp/1 T_1.4, 6;
    %dup/vec4;
    %pushi/vec4 1, 0, 3;
    %cmp/u;
    %jmp/1 T_1.5, 6;
    %dup/vec4;
    %pushi/vec4 2, 0, 3;
    %cmp/u;
    %jmp/1 T_1.6, 6;
    %dup/vec4;
    %pushi/vec4 3, 0, 3;
    %cmp/u;
    %jmp/1 T_1.7, 6;
    %dup/vec4;
    %pushi/vec4 4, 0, 3;
    %cmp/u;
    %jmp/1 T_1.8, 6;
    %dup/vec4;
    %pushi/vec4 5, 0, 3;
    %cmp/u;
    %jmp/1 T_1.9, 6;
    %dup/vec4;
    %pushi/vec4 6, 0, 3;
    %cmp/u;
    %jmp/1 T_1.10, 6;
    %dup/vec4;
    %pushi/vec4 7, 0, 3;
    %cmp/u;
    %jmp/1 T_1.11, 6;
    %pushi/vec4 15, 15, 4;
    %store/vec4 v0x7f1a101748d0_0, 0, 4;
    %jmp T_1.13;
T_1.4 ;
    %load/vec4 v0x7f1a10174ab0_0;
    %load/vec4 v0x7f1a10174b50_0;
    %concat/vec4; draw_concat_vec4
    %dup/vec4;
    %pushi/vec4 65, 0, 8;
    %cmp/u;
    %jmp/1 T_1.14, 6;
    %dup/vec4;
    %pushi/vec4 3, 0, 8;
    %cmp/u;
    %jmp/1 T_1.15, 6;
    %pushi/vec4 0, 0, 4;
    %store/vec4 v0x7f1a101748d0_0, 0, 4;
    %jmp T_1.17;
T_1.14 ;
    %pushi/vec4 1, 0, 4;
    %store/vec4 v0x7f1a101748d0_0, 0, 4;
    %jmp T_1.17;
T_1.15 ;
    %pushi/vec4 8, 0, 4;
    %store/vec4 v0x7f1a101748d0_0, 0, 4;
    %jmp T_1.17;
T_1.17 ;
    %pop/vec4 1;
    %jmp T_1.13;
T_1.5 ;
    %load/vec4 v0x7f1a10174ab0_0;
    %load/vec4 v0x7f1a10174b50_0;
    %concat/vec4; draw_concat_vec4
    %dup/vec4;
    %pushi/vec4 3, 0, 8;
    %cmp/u;
    %jmp/1 T_1.18, 6;
    %pushi/vec4 6, 0, 4;
    %store/vec4 v0x7f1a101748d0_0, 0, 4;
    %jmp T_1.20;
T_1.18 ;
    %pushi/vec4 9, 0, 4;
    %store/vec4 v0x7f1a101748d0_0, 0, 4;
    %jmp T_1.20;
T_1.20 ;
    %pop/vec4 1;
    %jmp T_1.13;
T_1.6 ;
    %pushi/vec4 5, 0, 4;
    %store/vec4 v0x7f1a101748d0_0, 0, 4;
    %jmp T_1.13;
T_1.7 ;
    %load/vec4 v0x7f1a10174ab0_0;
    %dup/vec4;
    %pushi/vec4 64, 0, 7;
    %cmp/u;
    %jmp/1 T_1.21, 6;
    %dup/vec4;
    %pushi/vec4 65, 0, 7;
    %cmp/u;
    %jmp/1 T_1.22, 6;
    %dup/vec4;
    %pushi/vec4 66, 0, 7;
    %cmp/u;
    %jmp/1 T_1.23, 6;
    %dup/vec4;
    %pushi/vec4 67, 0, 7;
    %cmp/u;
    %jmp/1 T_1.24, 6;
    %dup/vec4;
    %pushi/vec4 96, 0, 7;
    %cmp/u;
    %jmp/1 T_1.25, 6;
    %dup/vec4;
    %pushi/vec4 97, 0, 7;
    %cmp/u;
    %jmp/1 T_1.26, 6;
    %pushi/vec4 15, 15, 4;
    %store/vec4 v0x7f1a101748d0_0, 0, 4;
    %jmp T_1.28;
T_1.21 ;
    %pushi/vec4 12, 0, 4;
    %store/vec4 v0x7f1a101748d0_0, 0, 4;
    %jmp T_1.28;
T_1.22 ;
    %pushi/vec4 13, 0, 4;
    %store/vec4 v0x7f1a101748d0_0, 0, 4;
    %jmp T_1.28;
T_1.23 ;
    %pushi/vec4 14, 0, 4;
    %store/vec4 v0x7f1a101748d0_0, 0, 4;
    %jmp T_1.28;
T_1.24 ;
    %pushi/vec4 15, 0, 4;
    %store/vec4 v0x7f1a101748d0_0, 0, 4;
    %jmp T_1.28;
T_1.25 ;
    %pushi/vec4 10, 0, 4;
    %store/vec4 v0x7f1a101748d0_0, 0, 4;
    %jmp T_1.28;
T_1.26 ;
    %pushi/vec4 11, 0, 4;
    %store/vec4 v0x7f1a101748d0_0, 0, 4;
    %jmp T_1.28;
T_1.28 ;
    %pop/vec4 1;
    %jmp T_1.13;
T_1.8 ;
    %pushi/vec4 4, 0, 4;
    %store/vec4 v0x7f1a101748d0_0, 0, 4;
    %jmp T_1.13;
T_1.9 ;
    %pushi/vec4 7, 0, 4;
    %store/vec4 v0x7f1a101748d0_0, 0, 4;
    %jmp T_1.13;
T_1.10 ;
    %pushi/vec4 3, 0, 4;
    %store/vec4 v0x7f1a101748d0_0, 0, 4;
    %jmp T_1.13;
T_1.11 ;
    %pushi/vec4 2, 0, 4;
    %store/vec4 v0x7f1a101748d0_0, 0, 4;
    %jmp T_1.13;
T_1.13 ;
    %pop/vec4 1;
    %jmp T_1.3;
T_1.0 ;
    %pushi/vec4 0, 0, 4;
    %store/vec4 v0x7f1a101748d0_0, 0, 4;
    %jmp T_1.3;
T_1.1 ;
    %pushi/vec4 1, 0, 4;
    %store/vec4 v0x7f1a101748d0_0, 0, 4;
    %jmp T_1.3;
T_1.3 ;
    %pop/vec4 1;
    %jmp T_1;
    .thread T_1, $push;
    .scope S_0x7f1a10177620;
T_2 ;
    %wait E_0x7f1a101ed120;
    %load/vec4 v0x7f1a10174e70_0;
    %flag_set/vec4 8;
    %jmp/0xz  T_2.0, 8;
    %pushi/vec4 0, 0, 11;
    %assign/vec4 v0x7f1a10174dd0_0, 0;
    %jmp T_2.1;
T_2.0 ;
    %load/vec4 v0x7f1a10174bf0_0;
    %flag_set/vec4 8;
    %jmp/0xz  T_2.2, 8;
    %pushi/vec4 0, 0, 11;
    %assign/vec4 v0x7f1a10174dd0_0, 0;
    %jmp T_2.3;
T_2.2 ;
    %load/vec4 v0x7f1a10174d30_0;
    %assign/vec4 v0x7f1a10174dd0_0, 0;
T_2.3 ;
T_2.1 ;
    %jmp T_2;
    .thread T_2;
    .scope S_0x7f1a10177fc0;
T_3 ;
    %wait E_0x7f1a101ed120;
    %load/vec4 v0x7f1a101b5280_0;
    %flag_set/vec4 8;
    %jmp/0xz  T_3.0, 8;
    %pushi/vec4 0, 0, 4;
    %assign/vec4 v0x7f1a101b51e0_0, 0;
    %jmp T_3.1;
T_3.0 ;
    %load/vec4 v0x7f1a1023f540_0;
    %assign/vec4 v0x7f1a101b51e0_0, 0;
T_3.1 ;
    %jmp T_3;
    .thread T_3;
    .scope S_0x7f1a10178150;
T_4 ;
    %wait E_0x7f1a101ed120;
    %load/vec4 v0x7f1a101d10a0_0;
    %flag_set/vec4 8;
    %jmp/0xz  T_4.0, 8;
    %pushi/vec4 0, 0, 3;
    %assign/vec4 v0x7f1a101d1000_0, 0;
    %jmp T_4.1;
T_4.0 ;
    %load/vec4 v0x7f1a101b5db0_0;
    %assign/vec4 v0x7f1a101d1000_0, 0;
T_4.1 ;
    %jmp T_4;
    .thread T_4;
    .scope S_0x7f1a10179c40;
T_5 ;
    %wait E_0x7f1a101ed120;
    %load/vec4 v0x7f1a101dbdd0_0;
    %flag_set/vec4 8;
    %jmp/0xz  T_5.0, 8;
    %pushi/vec4 0, 0, 32;
    %assign/vec4 v0x7f1a101dbd30_0, 0;
    %jmp T_5.1;
T_5.0 ;
    %load/vec4 v0x7f1a101dbc90_0;
    %flag_set/vec4 8;
    %jmp/0xz  T_5.2, 8;
    %load/vec4 v0x7f1a101dbbf0_0;
    %assign/vec4 v0x7f1a101dbd30_0, 0;
T_5.2 ;
T_5.1 ;
    %jmp T_5;
    .thread T_5;
    .scope S_0x7f1a10179dd0;
T_6 ;
    %wait E_0x7f1a101ed120;
    %load/vec4 v0x7f1a101da330_0;
    %flag_set/vec4 8;
    %jmp/0xz  T_6.0, 8;
    %pushi/vec4 0, 0, 96;
    %assign/vec4 v0x7f1a101da290_0, 0;
    %jmp T_6.1;
T_6.0 ;
    %load/vec4 v0x7f1a101da1f0_0;
    %flag_set/vec4 8;
    %jmp/0xz  T_6.2, 8;
    %load/vec4 v0x7f1a101da010_0;
    %flag_set/vec4 8;
    %jmp/0xz  T_6.4, 8;
    %pushi/vec4 0, 0, 96;
    %assign/vec4 v0x7f1a101da290_0, 0;
    %jmp T_6.5;
T_6.4 ;
    %load/vec4 v0x7f1a101da150_0;
    %assign/vec4 v0x7f1a101da290_0, 0;
T_6.5 ;
T_6.2 ;
T_6.1 ;
    %jmp T_6;
    .thread T_6;
    .scope S_0x7f1a1017a5c0;
T_7 ;
    %wait E_0x7f1a1020c260;
    %load/vec4 v0x7f1a10135470_0;
    %flag_set/vec4 8;
    %jmp/0xz  T_7.0, 8;
    %load/vec4 v0x7f1a101353d0_0;
    %load/vec4 v0x7f1a101350b0_0;
    %pad/u 7;
    %ix/vec4 3;
    %ix/load 4, 0, 0; Constant delay
    %assign/vec4/a/d v0x7f1a10135330, 0, 4;
T_7.0 ;
    %jmp T_7;
    .thread T_7;
    .scope S_0x7f1a10178c60;
T_8 ;
    %wait E_0x7f1a1020c020;
    %load/vec4 v0x7f1a101f3ab0_0;
    %dup/vec4;
    %pushi/vec4 0, 0, 2;
    %cmp/u;
    %jmp/1 T_8.0, 6;
    %dup/vec4;
    %pushi/vec4 1, 0, 2;
    %cmp/u;
    %jmp/1 T_8.1, 6;
    %dup/vec4;
    %pushi/vec4 2, 0, 2;
    %cmp/u;
    %jmp/1 T_8.2, 6;
    %dup/vec4;
    %pushi/vec4 3, 0, 2;
    %cmp/u;
    %jmp/1 T_8.3, 6;
    %pushi/vec4 4294967295, 4294967295, 32;
    %store/vec4 v0x7f1a101f3a10_0, 0, 32;
    %jmp T_8.5;
T_8.0 ;
    %load/vec4 v0x7f1a101f3b50_0;
    %parti/s 1, 24, 6;
    %replicate 20;
    %load/vec4 v0x7f1a101f3b50_0;
    %parti/s 12, 13, 5;
    %concat/vec4; draw_concat_vec4
    %store/vec4 v0x7f1a101f3a10_0, 0, 32;
    %jmp T_8.5;
T_8.1 ;
    %load/vec4 v0x7f1a101f3b50_0;
    %parti/s 1, 24, 6;
    %replicate 20;
    %load/vec4 v0x7f1a101f3b50_0;
    %parti/s 7, 18, 6;
    %concat/vec4; draw_concat_vec4
    %load/vec4 v0x7f1a101f3b50_0;
    %parti/s 5, 0, 2;
    %concat/vec4; draw_concat_vec4
    %store/vec4 v0x7f1a101f3a10_0, 0, 32;
    %jmp T_8.5;
T_8.2 ;
    %load/vec4 v0x7f1a101f3b50_0;
    %parti/s 1, 24, 6;
    %replicate 20;
    %load/vec4 v0x7f1a101f3b50_0;
    %parti/s 1, 0, 2;
    %concat/vec4; draw_concat_vec4
    %load/vec4 v0x7f1a101f3b50_0;
    %parti/s 6, 18, 6;
    %concat/vec4; draw_concat_vec4
    %load/vec4 v0x7f1a101f3b50_0;
    %parti/s 4, 1, 2;
    %concat/vec4; draw_concat_vec4
    %concati/vec4 0, 0, 1;
    %store/vec4 v0x7f1a101f3a10_0, 0, 32;
    %jmp T_8.5;
T_8.3 ;
    %load/vec4 v0x7f1a101f3b50_0;
    %parti/s 1, 24, 6;
    %replicate 12;
    %load/vec4 v0x7f1a101f3b50_0;
    %parti/s 8, 5, 4;
    %concat/vec4; draw_concat_vec4
    %load/vec4 v0x7f1a101f3b50_0;
    %parti/s 1, 13, 5;
    %concat/vec4; draw_concat_vec4
    %load/vec4 v0x7f1a101f3b50_0;
    %parti/s 10, 14, 5;
    %concat/vec4; draw_concat_vec4
    %concati/vec4 0, 0, 1;
    %store/vec4 v0x7f1a101f3a10_0, 0, 32;
    %jmp T_8.5;
T_8.5 ;
    %pop/vec4 1;
    %jmp T_8;
    .thread T_8, $push;
    .scope S_0x7f1a10179f80;
T_9 ;
    %wait E_0x7f1a101ed120;
    %load/vec4 v0x7f1a101da650_0;
    %flag_set/vec4 8;
    %jmp/0xz  T_9.0, 8;
    %pushi/vec4 0, 0, 178;
    %assign/vec4 v0x7f1a101da5b0_0, 0;
    %jmp T_9.1;
T_9.0 ;
    %load/vec4 v0x7f1a101da3d0_0;
    %flag_set/vec4 8;
    %jmp/0xz  T_9.2, 8;
    %pushi/vec4 0, 0, 178;
    %assign/vec4 v0x7f1a101da5b0_0, 0;
    %jmp T_9.3;
T_9.2 ;
    %load/vec4 v0x7f1a101da510_0;
    %assign/vec4 v0x7f1a101da5b0_0, 0;
T_9.3 ;
T_9.1 ;
    %jmp T_9;
    .thread T_9;
    .scope S_0x7f1a101787b0;
T_10 ;
    %wait E_0x7f1a101ed620;
    %load/vec4 v0x7f1a102376f0_0;
    %parti/s 8, 0, 2;
    %pad/u 9;
    %load/vec4 v0x7f1a10237830_0;
    %parti/s 8, 0, 2;
    %pad/u 9;
    %add;
    %store/vec4 v0x7f1a10237bf0_0, 0, 9;
    %load/vec4 v0x7f1a102378d0_0;
    %inv;
    %load/vec4 v0x7f1a10237bf0_0;
    %parti/s 1, 8, 5;
    %and;
    %store/vec4 v0x7f1a10237b50_0, 0, 1;
    %load/vec4 v0x7f1a102376f0_0;
    %parti/s 8, 8, 5;
    %pad/u 9;
    %load/vec4 v0x7f1a10237830_0;
    %parti/s 8, 8, 5;
    %pad/u 9;
    %add;
    %load/vec4 v0x7f1a10237b50_0;
    %pad/u 9;
    %add;
    %store/vec4 v0x7f1a10237c90_0, 0, 9;
    %load/vec4 v0x7f1a10237a10_0;
    %inv;
    %load/vec4 v0x7f1a10237c90_0;
    %parti/s 1, 8, 5;
    %and;
    %store/vec4 v0x7f1a10237970_0, 0, 1;
    %load/vec4 v0x7f1a102376f0_0;
    %parti/s 8, 16, 6;
    %pad/u 9;
    %load/vec4 v0x7f1a10237830_0;
    %parti/s 8, 16, 6;
    %pad/u 9;
    %add;
    %load/vec4 v0x7f1a10237970_0;
    %pad/u 9;
    %add;
    %store/vec4 v0x7f1a10237d30_0, 0, 9;
    %load/vec4 v0x7f1a102378d0_0;
    %inv;
    %load/vec4 v0x7f1a10237d30_0;
    %parti/s 1, 8, 5;
    %and;
    %store/vec4 v0x7f1a10237ab0_0, 0, 1;
    %load/vec4 v0x7f1a102376f0_0;
    %parti/s 8, 24, 6;
    %pad/u 9;
    %load/vec4 v0x7f1a10237830_0;
    %parti/s 8, 24, 6;
    %pad/u 9;
    %add;
    %load/vec4 v0x7f1a10237ab0_0;
    %pad/u 9;
    %add;
    %store/vec4 v0x7f1a10237dd0_0, 0, 9;
    %load/vec4 v0x7f1a10237790_0;
    %load/vec4 v0x7f1a102378d0_0;
    %and;
    %flag_set/vec4 8;
    %jmp/0xz  T_10.0, 8;
    %load/vec4 v0x7f1a10237dd0_0;
    %parti/s 8, 0, 2;
    %pad/u 32;
    %load/vec4 v0x7f1a10237d30_0;
    %parti/s 8, 0, 2;
    %pad/u 32;
    %add;
    %load/vec4 v0x7f1a10237c90_0;
    %parti/s 8, 0, 2;
    %pad/u 32;
    %add;
    %load/vec4 v0x7f1a10237bf0_0;
    %parti/s 8, 0, 2;
    %pad/u 32;
    %add;
    %store/vec4 v0x7f1a10237e70_0, 0, 32;
    %jmp T_10.1;
T_10.0 ;
    %load/vec4 v0x7f1a10237790_0;
    %flag_set/vec4 8;
    %jmp/0xz  T_10.2, 8;
    %load/vec4 v0x7f1a10237dd0_0;
    %load/vec4 v0x7f1a10237d30_0;
    %parti/s 8, 0, 2;
    %concat/vec4; draw_concat_vec4
    %pad/u 32;
    %load/vec4 v0x7f1a10237c90_0;
    %load/vec4 v0x7f1a10237bf0_0;
    %parti/s 8, 0, 2;
    %concat/vec4; draw_concat_vec4
    %pad/u 32;
    %add;
    %store/vec4 v0x7f1a10237e70_0, 0, 32;
    %jmp T_10.3;
T_10.2 ;
    %load/vec4 v0x7f1a10237dd0_0;
    %parti/s 8, 0, 2;
    %load/vec4 v0x7f1a10237d30_0;
    %parti/s 8, 0, 2;
    %concat/vec4; draw_concat_vec4
    %load/vec4 v0x7f1a10237c90_0;
    %parti/s 8, 0, 2;
    %concat/vec4; draw_concat_vec4
    %load/vec4 v0x7f1a10237bf0_0;
    %parti/s 8, 0, 2;
    %concat/vec4; draw_concat_vec4
    %store/vec4 v0x7f1a10237e70_0, 0, 32;
T_10.3 ;
T_10.1 ;
    %jmp T_10;
    .thread T_10, $push;
    .scope S_0x7f1a10178940;
T_11 ;
    %wait E_0x7f1a101ebf10;
    %load/vec4 v0x7f1a102071f0_0;
    %flag_set/vec4 8;
    %jmp/0xz  T_11.0, 8;
    %load/vec4 v0x7f1a102070b0_0;
    %parti/s 8, 0, 2;
    %load/vec4 v0x7f1a10207150_0;
    %parti/s 8, 0, 2;
    %mul;
    %store/vec4 v0x7f1a10207470_0, 0, 8;
    %load/vec4 v0x7f1a102070b0_0;
    %parti/s 8, 8, 5;
    %load/vec4 v0x7f1a10207150_0;
    %parti/s 8, 8, 5;
    %mul;
    %store/vec4 v0x7f1a10207510_0, 0, 8;
    %load/vec4 v0x7f1a102070b0_0;
    %parti/s 8, 16, 6;
    %load/vec4 v0x7f1a10207150_0;
    %parti/s 8, 16, 6;
    %mul;
    %store/vec4 v0x7f1a102075b0_0, 0, 8;
    %load/vec4 v0x7f1a102070b0_0;
    %parti/s 8, 24, 6;
    %load/vec4 v0x7f1a10207150_0;
    %parti/s 8, 24, 6;
    %mul;
    %store/vec4 v0x7f1a10207650_0, 0, 8;
    %load/vec4 v0x7f1a10207650_0;
    %load/vec4 v0x7f1a102075b0_0;
    %concat/vec4; draw_concat_vec4
    %load/vec4 v0x7f1a10207510_0;
    %concat/vec4; draw_concat_vec4
    %load/vec4 v0x7f1a10207470_0;
    %concat/vec4; draw_concat_vec4
    %store/vec4 v0x7f1a102076f0_0, 0, 32;
    %jmp T_11.1;
T_11.0 ;
    %load/vec4 v0x7f1a10207290_0;
    %flag_set/vec4 8;
    %jmp/0xz  T_11.2, 8;
    %load/vec4 v0x7f1a102070b0_0;
    %parti/s 16, 0, 2;
    %load/vec4 v0x7f1a10207150_0;
    %parti/s 16, 0, 2;
    %mul;
    %store/vec4 v0x7f1a10207790_0, 0, 16;
    %load/vec4 v0x7f1a102070b0_0;
    %parti/s 16, 16, 6;
    %load/vec4 v0x7f1a10207150_0;
    %parti/s 16, 16, 6;
    %mul;
    %store/vec4 v0x7f1a10207830_0, 0, 16;
    %load/vec4 v0x7f1a10207830_0;
    %load/vec4 v0x7f1a10207790_0;
    %concat/vec4; draw_concat_vec4
    %store/vec4 v0x7f1a102076f0_0, 0, 32;
    %jmp T_11.3;
T_11.2 ;
    %load/vec4 v0x7f1a102070b0_0;
    %pad/u 64;
    %load/vec4 v0x7f1a10207150_0;
    %pad/u 64;
    %mul;
    %store/vec4 v0x7f1a102073d0_0, 0, 64;
    %load/vec4 v0x7f1a10207330_0;
    %flag_set/vec4 8;
    %jmp/0xz  T_11.4, 8;
    %load/vec4 v0x7f1a102073d0_0;
    %parti/s 32, 32, 7;
    %store/vec4 v0x7f1a102076f0_0, 0, 32;
    %jmp T_11.5;
T_11.4 ;
    %load/vec4 v0x7f1a102073d0_0;
    %parti/s 32, 0, 2;
    %store/vec4 v0x7f1a102076f0_0, 0, 32;
T_11.5 ;
T_11.3 ;
T_11.1 ;
    %jmp T_11;
    .thread T_11, $push;
    .scope S_0x7f1a10178600;
T_12 ;
    %wait E_0x7f1a101ed4a0;
    %load/vec4 v0x7f1a101f4dd0_0;
    %dup/vec4;
    %pushi/vec4 0, 0, 4;
    %cmp/u;
    %jmp/1 T_12.0, 6;
    %dup/vec4;
    %pushi/vec4 1, 0, 4;
    %cmp/u;
    %jmp/1 T_12.1, 6;
    %dup/vec4;
    %pushi/vec4 2, 0, 4;
    %cmp/u;
    %jmp/1 T_12.2, 6;
    %dup/vec4;
    %pushi/vec4 3, 0, 4;
    %cmp/u;
    %jmp/1 T_12.3, 6;
    %dup/vec4;
    %pushi/vec4 4, 0, 4;
    %cmp/u;
    %jmp/1 T_12.4, 6;
    %dup/vec4;
    %pushi/vec4 5, 0, 4;
    %cmp/u;
    %jmp/1 T_12.5, 6;
    %dup/vec4;
    %pushi/vec4 6, 0, 4;
    %cmp/u;
    %jmp/1 T_12.6, 6;
    %dup/vec4;
    %pushi/vec4 7, 0, 4;
    %cmp/u;
    %jmp/1 T_12.7, 6;
    %dup/vec4;
    %pushi/vec4 8, 0, 4;
    %cmp/u;
    %jmp/1 T_12.8, 6;
    %dup/vec4;
    %pushi/vec4 9, 0, 4;
    %cmp/u;
    %jmp/1 T_12.9, 6;
    %dup/vec4;
    %pushi/vec4 10, 0, 4;
    %cmp/u;
    %jmp/1 T_12.10, 6;
    %dup/vec4;
    %pushi/vec4 11, 0, 4;
    %cmp/u;
    %jmp/1 T_12.11, 6;
    %dup/vec4;
    %pushi/vec4 12, 0, 4;
    %cmp/u;
    %jmp/1 T_12.12, 6;
    %dup/vec4;
    %pushi/vec4 13, 0, 4;
    %cmp/u;
    %jmp/1 T_12.13, 6;
    %dup/vec4;
    %pushi/vec4 14, 0, 4;
    %cmp/u;
    %jmp/1 T_12.14, 6;
    %dup/vec4;
    %pushi/vec4 15, 0, 4;
    %cmp/u;
    %jmp/1 T_12.15, 6;
    %pushi/vec4 0, 0, 32;
    %store/vec4 v0x7f1a101f3510_0, 0, 32;
    %jmp T_12.17;
T_12.0 ;
    %load/vec4 v0x7f1a101f4e70_0;
    %store/vec4 v0x7f1a101f3510_0, 0, 32;
    %jmp T_12.17;
T_12.1 ;
    %load/vec4 v0x7f1a101f3650_0;
    %store/vec4 v0x7f1a101f3510_0, 0, 32;
    %jmp T_12.17;
T_12.2 ;
    %load/vec4 v0x7f1a101f4c90_0;
    %load/vec4 v0x7f1a101f3010_0;
    %and;
    %store/vec4 v0x7f1a101f3510_0, 0, 32;
    %jmp T_12.17;
T_12.3 ;
    %load/vec4 v0x7f1a101f4c90_0;
    %load/vec4 v0x7f1a101f3010_0;
    %or;
    %store/vec4 v0x7f1a101f3510_0, 0, 32;
    %jmp T_12.17;
T_12.4 ;
    %load/vec4 v0x7f1a101f4c90_0;
    %load/vec4 v0x7f1a101f3010_0;
    %xor;
    %store/vec4 v0x7f1a101f3510_0, 0, 32;
    %jmp T_12.17;
T_12.5 ;
    %load/vec4 v0x7f1a101f3650_0;
    %parti/s 1, 31, 6;
    %pad/u 32;
    %load/vec4 v0x7f1a101f36f0_0;
    %pad/u 32;
    %xor;
    %store/vec4 v0x7f1a101f3510_0, 0, 32;
    %jmp T_12.17;
T_12.6 ;
    %load/vec4 v0x7f1a101f4c90_0;
    %load/vec4 v0x7f1a101f3010_0;
    %parti/s 5, 0, 2;
    %ix/vec4 4;
    %shiftl 4;
    %store/vec4 v0x7f1a101f3510_0, 0, 32;
    %jmp T_12.17;
T_12.7 ;
    %load/vec4 v0x7f1a101f4c90_0;
    %load/vec4 v0x7f1a101f3010_0;
    %parti/s 5, 0, 2;
    %ix/vec4 4;
    %shiftr 4;
    %store/vec4 v0x7f1a101f3510_0, 0, 32;
    %jmp T_12.17;
T_12.8 ;
    %load/vec4 v0x7f1a101f33d0_0;
    %store/vec4 v0x7f1a101f3510_0, 0, 32;
    %jmp T_12.17;
T_12.9 ;
    %load/vec4 v0x7f1a101f33d0_0;
    %store/vec4 v0x7f1a101f3510_0, 0, 32;
    %jmp T_12.17;
T_12.10 ;
    %load/vec4 v0x7f1a101f33d0_0;
    %store/vec4 v0x7f1a101f3510_0, 0, 32;
    %jmp T_12.17;
T_12.11 ;
    %load/vec4 v0x7f1a101f33d0_0;
    %store/vec4 v0x7f1a101f3510_0, 0, 32;
    %jmp T_12.17;
T_12.12 ;
    %load/vec4 v0x7f1a101f4e70_0;
    %store/vec4 v0x7f1a101f3510_0, 0, 32;
    %jmp T_12.17;
T_12.13 ;
    %load/vec4 v0x7f1a101f4e70_0;
    %store/vec4 v0x7f1a101f3510_0, 0, 32;
    %jmp T_12.17;
T_12.14 ;
    %load/vec4 v0x7f1a101f4e70_0;
    %store/vec4 v0x7f1a101f3510_0, 0, 32;
    %jmp T_12.17;
T_12.15 ;
    %load/vec4 v0x7f1a101f4e70_0;
    %store/vec4 v0x7f1a101f3510_0, 0, 32;
    %jmp T_12.17;
T_12.17 ;
    %pop/vec4 1;
    %jmp T_12;
    .thread T_12, $push;
    .scope S_0x7f1a1017a110;
T_13 ;
    %wait E_0x7f1a101ed120;
    %load/vec4 v0x7f1a101da8d0_0;
    %flag_set/vec4 8;
    %jmp/0xz  T_13.0, 8;
    %pushi/vec4 0, 0, 133;
    %assign/vec4 v0x7f1a101da830_0, 0;
    %jmp T_13.1;
T_13.0 ;
    %load/vec4 v0x7f1a101da790_0;
    %assign/vec4 v0x7f1a101da830_0, 0;
T_13.1 ;
    %jmp T_13;
    .thread T_13;
    .scope S_0x7f1a1017a2a0;
T_14 ;
    %wait E_0x7f1a101ed120;
    %load/vec4 v0x7f1a101dab50_0;
    %flag_set/vec4 8;
    %jmp/0xz  T_14.0, 8;
    %pushi/vec4 0, 0, 133;
    %assign/vec4 v0x7f1a101daab0_0, 0;
    %jmp T_14.1;
T_14.0 ;
    %load/vec4 v0x7f1a101daa10_0;
    %assign/vec4 v0x7f1a101daab0_0, 0;
T_14.1 ;
    %jmp T_14;
    .thread T_14;
    .scope S_0x7f1a101341a0;
T_15 ;
    %wait E_0x7f1a1020c360;
    %pushi/vec4 0, 0, 2;
    %store/vec4 v0x7f1a0fdb6790_0, 0, 2;
    %pushi/vec4 0, 0, 2;
    %store/vec4 v0x7f1a0fdb6830_0, 0, 2;
    %load/vec4 v0x7f1a0fdb6bf0_0;
    %cmpi/ne 0, 0, 5;
    %jmp/0xz  T_15.0, 4;
    %load/vec4 v0x7f1a0fdb6bf0_0;
    %load/vec4 v0x7f1a0fdb6a10_0;
    %cmp/e;
    %flag_get/vec4 4;
    %load/vec4 v0x7f1a10132e70_0;
    %and;
    %flag_set/vec4 8;
    %jmp/0xz  T_15.2, 8;
    %pushi/vec4 2, 0, 2;
    %store/vec4 v0x7f1a0fdb6790_0, 0, 2;
    %jmp T_15.3;
T_15.2 ;
    %load/vec4 v0x7f1a0fdb6bf0_0;
    %load/vec4 v0x7f1a0fdb6ab0_0;
    %cmp/e;
    %flag_get/vec4 4;
    %load/vec4 v0x7f1a0fdb6010_0;
    %and;
    %flag_set/vec4 8;
    %jmp/0xz  T_15.4, 8;
    %pushi/vec4 1, 0, 2;
    %store/vec4 v0x7f1a0fdb6790_0, 0, 2;
T_15.4 ;
T_15.3 ;
T_15.0 ;
    %load/vec4 v0x7f1a0fdb6d30_0;
    %cmpi/ne 0, 0, 5;
    %jmp/0xz  T_15.6, 4;
    %load/vec4 v0x7f1a0fdb6d30_0;
    %load/vec4 v0x7f1a0fdb6a10_0;
    %cmp/e;
    %flag_get/vec4 4;
    %load/vec4 v0x7f1a10132e70_0;
    %and;
    %flag_set/vec4 8;
    %jmp/0xz  T_15.8, 8;
    %pushi/vec4 2, 0, 2;
    %store/vec4 v0x7f1a0fdb6830_0, 0, 2;
    %jmp T_15.9;
T_15.8 ;
    %load/vec4 v0x7f1a0fdb6d30_0;
    %load/vec4 v0x7f1a0fdb6ab0_0;
    %cmp/e;
    %flag_get/vec4 4;
    %load/vec4 v0x7f1a0fdb6010_0;
    %and;
    %flag_set/vec4 8;
    %jmp/0xz  T_15.10, 8;
    %pushi/vec4 1, 0, 2;
    %store/vec4 v0x7f1a0fdb6830_0, 0, 2;
T_15.10 ;
T_15.9 ;
T_15.6 ;
    %jmp T_15;
    .thread T_15, $push;
    .scope S_0x7f1a10176e30;
T_16 ;
    %vpi_call/w 5 8 "$readmemh", "test-simd.hex", v0x7f1a101745b0, 32'sb00000000000000000000000000000000, 32'sb00000000000000000000000000000100 {0 0 0};
    %end;
    .thread T_16;
    .scope S_0x7f1a10176ca0;
T_17 ;
    %wait E_0x7f1a101e2d90;
    %load/vec4 v0x7f1a10174510_0;
    %flag_set/vec4 8;
    %jmp/0xz  T_17.0, 8;
    %load/vec4 v0x7f1a10174470_0;
    %load/vec4 v0x7f1a10174290_0;
    %parti/s 30, 2, 3;
    %ix/vec4 3;
    %ix/load 4, 0, 0; Constant delay
    %assign/vec4/a/d v0x7f1a101740b0, 0, 4;
T_17.0 ;
    %jmp T_17;
    .thread T_17;
    .scope S_0x7f1a10176980;
T_18 ;
    %vpi_call/w 3 14 "$dumpfile", "tb.vcd" {0 0 0};
    %vpi_call/w 3 15 "$dumpvars", 32'sb00000000000000000000000000000000, S_0x7f1a10176980 {0 0 0};
    %pushi/vec4 1, 0, 1;
    %assign/vec4 v0x7f1a0fdb4dd0_0, 0;
    %delay 12, 0;
    %pushi/vec4 0, 0, 1;
    %assign/vec4 v0x7f1a0fdb4dd0_0, 0;
    %delay 10000, 0;
    %vpi_call/w 3 18 "$finish" {0 0 0};
    %end;
    .thread T_18;
    .scope S_0x7f1a10176980;
T_19 ;
    %pushi/vec4 1, 0, 1;
    %assign/vec4 v0x7f1a0fdb4d30_0, 0;
    %delay 5, 0;
    %pushi/vec4 0, 0, 1;
    %assign/vec4 v0x7f1a0fdb4d30_0, 0;
    %delay 5, 0;
    %jmp T_19;
    .thread T_19;
# The file index is used to find the file name in the following table.
:file_names 7;
    "N/A";
    "<interactive>";
    "-";
    "tb.sv";
    "core.sv";
    "mem.sv";
    "../csimd.sv";
